{
	"/Users/ahmadalfasakan/Documents/svelte/cashier-app/src/lib/client/components/Icons/BagShopping.svelte": {
		"path": "/Users/ahmadalfasakan/Documents/svelte/cashier-app/src/lib/client/components/Icons/BagShopping.svelte",
		"all": false,
		"statementMap": {
			"0": { "start": { "line": 1, "column": 0 }, "end": { "line": 1, "column": 18 } },
			"1": { "start": { "line": 2, "column": 0 }, "end": { "line": 2, "column": 25 } },
			"2": { "start": { "line": 3, "column": 0 }, "end": { "line": 3, "column": 26 } },
			"3": { "start": { "line": 4, "column": 0 }, "end": { "line": 4, "column": 0 } },
			"4": { "start": { "line": 5, "column": 0 }, "end": { "line": 5, "column": 32 } },
			"5": { "start": { "line": 6, "column": 0 }, "end": { "line": 6, "column": 31 } },
			"6": { "start": { "line": 7, "column": 0 }, "end": { "line": 7, "column": 9 } },
			"7": { "start": { "line": 8, "column": 0 }, "end": { "line": 8, "column": 0 } },
			"8": { "start": { "line": 9, "column": 0 }, "end": { "line": 9, "column": 97 } },
			"9": { "start": { "line": 10, "column": 0 }, "end": { "line": 10, "column": 6 } },
			"10": { "start": { "line": 11, "column": 0 }, "end": { "line": 11, "column": 296 } },
			"11": { "start": { "line": 12, "column": 0 }, "end": { "line": 12, "column": 3 } },
			"12": { "start": { "line": 13, "column": 0 }, "end": { "line": 13, "column": 6 } }
		},
		"s": {
			"0": 1,
			"1": 1,
			"2": 1,
			"3": 1,
			"4": 1,
			"5": 1,
			"6": 1,
			"7": 1,
			"8": 1,
			"9": 1,
			"10": 1,
			"11": 1,
			"12": 1
		},
		"branchMap": {},
		"b": {},
		"fnMap": {},
		"f": {}
	},
	"/Users/ahmadalfasakan/Documents/svelte/cashier-app/src/lib/client/components/Icons/BellNotif.svelte": {
		"path": "/Users/ahmadalfasakan/Documents/svelte/cashier-app/src/lib/client/components/Icons/BellNotif.svelte",
		"all": false,
		"statementMap": {
			"0": { "start": { "line": 1, "column": 0 }, "end": { "line": 1, "column": 18 } },
			"1": { "start": { "line": 2, "column": 0 }, "end": { "line": 2, "column": 25 } },
			"2": { "start": { "line": 3, "column": 0 }, "end": { "line": 3, "column": 26 } },
			"3": { "start": { "line": 4, "column": 0 }, "end": { "line": 4, "column": 0 } },
			"4": { "start": { "line": 5, "column": 0 }, "end": { "line": 5, "column": 32 } },
			"5": { "start": { "line": 6, "column": 0 }, "end": { "line": 6, "column": 31 } },
			"6": { "start": { "line": 7, "column": 0 }, "end": { "line": 7, "column": 9 } },
			"7": { "start": { "line": 8, "column": 0 }, "end": { "line": 8, "column": 0 } },
			"8": { "start": { "line": 9, "column": 0 }, "end": { "line": 9, "column": 97 } },
			"9": { "start": { "line": 10, "column": 0 }, "end": { "line": 10, "column": 6 } },
			"10": { "start": { "line": 11, "column": 0 }, "end": { "line": 11, "column": 525 } },
			"11": { "start": { "line": 12, "column": 0 }, "end": { "line": 12, "column": 3 } },
			"12": { "start": { "line": 13, "column": 0 }, "end": { "line": 13, "column": 6 } }
		},
		"s": {
			"0": 1,
			"1": 1,
			"2": 1,
			"3": 1,
			"4": 1,
			"5": 1,
			"6": 1,
			"7": 1,
			"8": 1,
			"9": 1,
			"10": 1,
			"11": 1,
			"12": 1
		},
		"branchMap": {},
		"b": {},
		"fnMap": {},
		"f": {}
	},
	"/Users/ahmadalfasakan/Documents/svelte/cashier-app/src/lib/client/components/Icons/Chart.svelte": {
		"path": "/Users/ahmadalfasakan/Documents/svelte/cashier-app/src/lib/client/components/Icons/Chart.svelte",
		"all": false,
		"statementMap": {
			"0": { "start": { "line": 1, "column": 0 }, "end": { "line": 1, "column": 18 } },
			"1": { "start": { "line": 2, "column": 0 }, "end": { "line": 2, "column": 25 } },
			"2": { "start": { "line": 3, "column": 0 }, "end": { "line": 3, "column": 26 } },
			"3": { "start": { "line": 4, "column": 0 }, "end": { "line": 4, "column": 0 } },
			"4": { "start": { "line": 5, "column": 0 }, "end": { "line": 5, "column": 48 } },
			"5": { "start": { "line": 6, "column": 0 }, "end": { "line": 6, "column": 31 } },
			"6": { "start": { "line": 7, "column": 0 }, "end": { "line": 7, "column": 9 } },
			"7": { "start": { "line": 8, "column": 0 }, "end": { "line": 8, "column": 0 } },
			"8": { "start": { "line": 9, "column": 0 }, "end": { "line": 9, "column": 4 } },
			"9": { "start": { "line": 10, "column": 0 }, "end": { "line": 10, "column": 35 } },
			"10": { "start": { "line": 11, "column": 0 }, "end": { "line": 11, "column": 18 } },
			"11": { "start": { "line": 12, "column": 0 }, "end": { "line": 12, "column": 12 } },
			"12": { "start": { "line": 13, "column": 0 }, "end": { "line": 13, "column": 20 } },
			"13": { "start": { "line": 14, "column": 0 }, "end": { "line": 14, "column": 22 } },
			"14": { "start": { "line": 15, "column": 0 }, "end": { "line": 15, "column": 8 } },
			"15": { "start": { "line": 16, "column": 0 }, "end": { "line": 16, "column": 9 } },
			"16": { "start": { "line": 17, "column": 0 }, "end": { "line": 17, "column": 1 } },
			"17": { "start": { "line": 18, "column": 0 }, "end": { "line": 18, "column": 6 } },
			"18": { "start": { "line": 19, "column": 0 }, "end": { "line": 19, "column": 24 } },
			"19": { "start": { "line": 20, "column": 0 }, "end": { "line": 20, "column": 25 } },
			"20": { "start": { "line": 21, "column": 0 }, "end": { "line": 21, "column": 18 } },
			"21": { "start": { "line": 22, "column": 0 }, "end": { "line": 22, "column": 202 } },
			"22": { "start": { "line": 23, "column": 0 }, "end": { "line": 23, "column": 3 } },
			"23": { "start": { "line": 24, "column": 0 }, "end": { "line": 24, "column": 6 } }
		},
		"s": {
			"0": 1,
			"1": 1,
			"2": 1,
			"3": 1,
			"4": 1,
			"5": 1,
			"6": 1,
			"7": 1,
			"8": 1,
			"9": 1,
			"10": 1,
			"11": 1,
			"12": 1,
			"13": 1,
			"14": 1,
			"15": 1,
			"16": 1,
			"17": 1,
			"18": 1,
			"19": 1,
			"20": 1,
			"21": 1,
			"22": 1,
			"23": 1
		},
		"branchMap": {},
		"b": {},
		"fnMap": {},
		"f": {}
	},
	"/Users/ahmadalfasakan/Documents/svelte/cashier-app/src/lib/client/components/Icons/ChevronDown.svelte": {
		"path": "/Users/ahmadalfasakan/Documents/svelte/cashier-app/src/lib/client/components/Icons/ChevronDown.svelte",
		"all": false,
		"statementMap": {
			"0": { "start": { "line": 1, "column": 0 }, "end": { "line": 1, "column": 18 } },
			"1": { "start": { "line": 2, "column": 0 }, "end": { "line": 2, "column": 25 } },
			"2": { "start": { "line": 3, "column": 0 }, "end": { "line": 3, "column": 26 } },
			"3": { "start": { "line": 4, "column": 0 }, "end": { "line": 4, "column": 0 } },
			"4": { "start": { "line": 5, "column": 0 }, "end": { "line": 5, "column": 32 } },
			"5": { "start": { "line": 6, "column": 0 }, "end": { "line": 6, "column": 31 } },
			"6": { "start": { "line": 7, "column": 0 }, "end": { "line": 7, "column": 9 } },
			"7": { "start": { "line": 8, "column": 0 }, "end": { "line": 8, "column": 0 } },
			"8": { "start": { "line": 9, "column": 0 }, "end": { "line": 9, "column": 97 } },
			"9": { "start": { "line": 10, "column": 0 }, "end": { "line": 10, "column": 6 } },
			"10": { "start": { "line": 11, "column": 0 }, "end": { "line": 11, "column": 174 } },
			"11": { "start": { "line": 12, "column": 0 }, "end": { "line": 12, "column": 3 } },
			"12": { "start": { "line": 13, "column": 0 }, "end": { "line": 13, "column": 6 } }
		},
		"s": {
			"0": 1,
			"1": 1,
			"2": 1,
			"3": 1,
			"4": 1,
			"5": 1,
			"6": 1,
			"7": 1,
			"8": 1,
			"9": 1,
			"10": 1,
			"11": 1,
			"12": 1
		},
		"branchMap": {},
		"b": {},
		"fnMap": {},
		"f": {}
	},
	"/Users/ahmadalfasakan/Documents/svelte/cashier-app/src/lib/client/components/Icons/ChevronLeft.svelte": {
		"path": "/Users/ahmadalfasakan/Documents/svelte/cashier-app/src/lib/client/components/Icons/ChevronLeft.svelte",
		"all": false,
		"statementMap": {
			"0": { "start": { "line": 1, "column": 0 }, "end": { "line": 1, "column": 18 } },
			"1": { "start": { "line": 2, "column": 0 }, "end": { "line": 2, "column": 25 } },
			"2": { "start": { "line": 3, "column": 0 }, "end": { "line": 3, "column": 26 } },
			"3": { "start": { "line": 4, "column": 0 }, "end": { "line": 4, "column": 47 } },
			"4": { "start": { "line": 5, "column": 0 }, "end": { "line": 5, "column": 31 } },
			"5": { "start": { "line": 6, "column": 0 }, "end": { "line": 6, "column": 9 } },
			"6": { "start": { "line": 7, "column": 0 }, "end": { "line": 7, "column": 0 } },
			"7": { "start": { "line": 8, "column": 0 }, "end": { "line": 8, "column": 4 } },
			"8": { "start": { "line": 9, "column": 0 }, "end": { "line": 9, "column": 8 } },
			"9": { "start": { "line": 10, "column": 0 }, "end": { "line": 10, "column": 9 } },
			"10": { "start": { "line": 11, "column": 0 }, "end": { "line": 11, "column": 20 } },
			"11": { "start": { "line": 12, "column": 0 }, "end": { "line": 12, "column": 12 } },
			"12": { "start": { "line": 13, "column": 0 }, "end": { "line": 13, "column": 35 } },
			"13": { "start": { "line": 14, "column": 0 }, "end": { "line": 14, "column": 18 } },
			"14": { "start": { "line": 15, "column": 0 }, "end": { "line": 15, "column": 1 } },
			"15": { "start": { "line": 16, "column": 0 }, "end": { "line": 16, "column": 6 } },
			"16": { "start": { "line": 17, "column": 0 }, "end": { "line": 17, "column": 384 } },
			"17": { "start": { "line": 18, "column": 0 }, "end": { "line": 18, "column": 3 } },
			"18": { "start": { "line": 19, "column": 0 }, "end": { "line": 19, "column": 6 } }
		},
		"s": {
			"0": 1,
			"1": 1,
			"2": 1,
			"3": 1,
			"4": 1,
			"5": 1,
			"6": 1,
			"7": 1,
			"8": 1,
			"9": 1,
			"10": 1,
			"11": 1,
			"12": 1,
			"13": 1,
			"14": 1,
			"15": 1,
			"16": 1,
			"17": 1,
			"18": 1
		},
		"branchMap": {},
		"b": {},
		"fnMap": {},
		"f": {}
	},
	"/Users/ahmadalfasakan/Documents/svelte/cashier-app/src/lib/client/components/Icons/ChevronRight.svelte": {
		"path": "/Users/ahmadalfasakan/Documents/svelte/cashier-app/src/lib/client/components/Icons/ChevronRight.svelte",
		"all": false,
		"statementMap": {
			"0": { "start": { "line": 1, "column": 0 }, "end": { "line": 1, "column": 18 } },
			"1": { "start": { "line": 2, "column": 0 }, "end": { "line": 2, "column": 25 } },
			"2": { "start": { "line": 3, "column": 0 }, "end": { "line": 3, "column": 26 } },
			"3": { "start": { "line": 4, "column": 0 }, "end": { "line": 4, "column": 0 } },
			"4": { "start": { "line": 5, "column": 0 }, "end": { "line": 5, "column": 32 } },
			"5": { "start": { "line": 6, "column": 0 }, "end": { "line": 6, "column": 31 } },
			"6": { "start": { "line": 7, "column": 0 }, "end": { "line": 7, "column": 9 } },
			"7": { "start": { "line": 8, "column": 0 }, "end": { "line": 8, "column": 0 } },
			"8": { "start": { "line": 9, "column": 0 }, "end": { "line": 9, "column": 97 } },
			"9": { "start": { "line": 10, "column": 0 }, "end": { "line": 10, "column": 6 } },
			"10": { "start": { "line": 11, "column": 0 }, "end": { "line": 11, "column": 174 } },
			"11": { "start": { "line": 12, "column": 0 }, "end": { "line": 12, "column": 3 } },
			"12": { "start": { "line": 13, "column": 0 }, "end": { "line": 13, "column": 6 } }
		},
		"s": {
			"0": 1,
			"1": 1,
			"2": 1,
			"3": 1,
			"4": 1,
			"5": 1,
			"6": 1,
			"7": 1,
			"8": 1,
			"9": 1,
			"10": 1,
			"11": 1,
			"12": 1
		},
		"branchMap": {},
		"b": {},
		"fnMap": {},
		"f": {}
	},
	"/Users/ahmadalfasakan/Documents/svelte/cashier-app/src/lib/client/components/Icons/ChevronUp.svelte": {
		"path": "/Users/ahmadalfasakan/Documents/svelte/cashier-app/src/lib/client/components/Icons/ChevronUp.svelte",
		"all": false,
		"statementMap": {
			"0": { "start": { "line": 1, "column": 0 }, "end": { "line": 1, "column": 18 } },
			"1": { "start": { "line": 2, "column": 0 }, "end": { "line": 2, "column": 25 } },
			"2": { "start": { "line": 3, "column": 0 }, "end": { "line": 3, "column": 26 } },
			"3": { "start": { "line": 4, "column": 0 }, "end": { "line": 4, "column": 0 } },
			"4": { "start": { "line": 5, "column": 0 }, "end": { "line": 5, "column": 32 } },
			"5": { "start": { "line": 6, "column": 0 }, "end": { "line": 6, "column": 31 } },
			"6": { "start": { "line": 7, "column": 0 }, "end": { "line": 7, "column": 9 } },
			"7": { "start": { "line": 8, "column": 0 }, "end": { "line": 8, "column": 0 } },
			"8": { "start": { "line": 9, "column": 0 }, "end": { "line": 9, "column": 97 } },
			"9": { "start": { "line": 10, "column": 0 }, "end": { "line": 10, "column": 6 } },
			"10": { "start": { "line": 11, "column": 0 }, "end": { "line": 11, "column": 174 } },
			"11": { "start": { "line": 12, "column": 0 }, "end": { "line": 12, "column": 3 } },
			"12": { "start": { "line": 13, "column": 0 }, "end": { "line": 13, "column": 6 } }
		},
		"s": {
			"0": 1,
			"1": 1,
			"2": 1,
			"3": 1,
			"4": 1,
			"5": 1,
			"6": 1,
			"7": 1,
			"8": 1,
			"9": 1,
			"10": 1,
			"11": 1,
			"12": 1
		},
		"branchMap": {},
		"b": {},
		"fnMap": {},
		"f": {}
	},
	"/Users/ahmadalfasakan/Documents/svelte/cashier-app/src/lib/client/components/Icons/Close.svelte": {
		"path": "/Users/ahmadalfasakan/Documents/svelte/cashier-app/src/lib/client/components/Icons/Close.svelte",
		"all": false,
		"statementMap": {
			"0": { "start": { "line": 1, "column": 0 }, "end": { "line": 1, "column": 18 } },
			"1": { "start": { "line": 2, "column": 0 }, "end": { "line": 2, "column": 25 } },
			"2": { "start": { "line": 3, "column": 0 }, "end": { "line": 3, "column": 26 } },
			"3": { "start": { "line": 4, "column": 0 }, "end": { "line": 4, "column": 0 } },
			"4": { "start": { "line": 5, "column": 0 }, "end": { "line": 5, "column": 32 } },
			"5": { "start": { "line": 6, "column": 0 }, "end": { "line": 6, "column": 31 } },
			"6": { "start": { "line": 7, "column": 0 }, "end": { "line": 7, "column": 9 } },
			"7": { "start": { "line": 8, "column": 0 }, "end": { "line": 8, "column": 0 } },
			"8": { "start": { "line": 9, "column": 0 }, "end": { "line": 9, "column": 97 } },
			"9": { "start": { "line": 10, "column": 0 }, "end": { "line": 10, "column": 6 } },
			"10": { "start": { "line": 11, "column": 0 }, "end": { "line": 11, "column": 284 } },
			"11": { "start": { "line": 12, "column": 0 }, "end": { "line": 12, "column": 3 } },
			"12": { "start": { "line": 13, "column": 0 }, "end": { "line": 13, "column": 6 } }
		},
		"s": {
			"0": 1,
			"1": 1,
			"2": 1,
			"3": 1,
			"4": 1,
			"5": 1,
			"6": 1,
			"7": 1,
			"8": 1,
			"9": 1,
			"10": 1,
			"11": 1,
			"12": 1
		},
		"branchMap": {},
		"b": {},
		"fnMap": {},
		"f": {}
	},
	"/Users/ahmadalfasakan/Documents/svelte/cashier-app/src/lib/client/components/Icons/EyeOff.svelte": {
		"path": "/Users/ahmadalfasakan/Documents/svelte/cashier-app/src/lib/client/components/Icons/EyeOff.svelte",
		"all": false,
		"statementMap": {
			"0": { "start": { "line": 1, "column": 0 }, "end": { "line": 1, "column": 18 } },
			"1": { "start": { "line": 2, "column": 0 }, "end": { "line": 2, "column": 25 } },
			"2": { "start": { "line": 3, "column": 0 }, "end": { "line": 3, "column": 26 } },
			"3": { "start": { "line": 4, "column": 0 }, "end": { "line": 4, "column": 0 } },
			"4": { "start": { "line": 5, "column": 0 }, "end": { "line": 5, "column": 32 } },
			"5": { "start": { "line": 6, "column": 0 }, "end": { "line": 6, "column": 31 } },
			"6": { "start": { "line": 7, "column": 0 }, "end": { "line": 7, "column": 9 } },
			"7": { "start": { "line": 8, "column": 0 }, "end": { "line": 8, "column": 0 } },
			"8": { "start": { "line": 9, "column": 0 }, "end": { "line": 9, "column": 97 } },
			"9": { "start": { "line": 10, "column": 0 }, "end": { "line": 10, "column": 6 } },
			"10": { "start": { "line": 11, "column": 0 }, "end": { "line": 11, "column": 1050 } },
			"11": { "start": { "line": 12, "column": 0 }, "end": { "line": 12, "column": 3 } },
			"12": { "start": { "line": 13, "column": 0 }, "end": { "line": 13, "column": 6 } }
		},
		"s": {
			"0": 1,
			"1": 1,
			"2": 1,
			"3": 1,
			"4": 1,
			"5": 1,
			"6": 1,
			"7": 1,
			"8": 1,
			"9": 1,
			"10": 1,
			"11": 1,
			"12": 1
		},
		"branchMap": {},
		"b": {},
		"fnMap": {},
		"f": {}
	},
	"/Users/ahmadalfasakan/Documents/svelte/cashier-app/src/lib/client/components/Icons/EyeOn.svelte": {
		"path": "/Users/ahmadalfasakan/Documents/svelte/cashier-app/src/lib/client/components/Icons/EyeOn.svelte",
		"all": false,
		"statementMap": {
			"0": { "start": { "line": 1, "column": 0 }, "end": { "line": 1, "column": 18 } },
			"1": { "start": { "line": 2, "column": 0 }, "end": { "line": 2, "column": 25 } },
			"2": { "start": { "line": 3, "column": 0 }, "end": { "line": 3, "column": 26 } },
			"3": { "start": { "line": 4, "column": 0 }, "end": { "line": 4, "column": 0 } },
			"4": { "start": { "line": 5, "column": 0 }, "end": { "line": 5, "column": 32 } },
			"5": { "start": { "line": 6, "column": 0 }, "end": { "line": 6, "column": 31 } },
			"6": { "start": { "line": 7, "column": 0 }, "end": { "line": 7, "column": 9 } },
			"7": { "start": { "line": 8, "column": 0 }, "end": { "line": 8, "column": 0 } },
			"8": { "start": { "line": 9, "column": 0 }, "end": { "line": 9, "column": 97 } },
			"9": { "start": { "line": 10, "column": 0 }, "end": { "line": 10, "column": 6 } },
			"10": { "start": { "line": 11, "column": 0 }, "end": { "line": 11, "column": 724 } },
			"11": { "start": { "line": 12, "column": 0 }, "end": { "line": 12, "column": 3 } },
			"12": { "start": { "line": 13, "column": 0 }, "end": { "line": 13, "column": 6 } }
		},
		"s": {
			"0": 1,
			"1": 1,
			"2": 1,
			"3": 1,
			"4": 1,
			"5": 1,
			"6": 1,
			"7": 1,
			"8": 1,
			"9": 1,
			"10": 1,
			"11": 1,
			"12": 1
		},
		"branchMap": {},
		"b": {},
		"fnMap": {},
		"f": {}
	},
	"/Users/ahmadalfasakan/Documents/svelte/cashier-app/src/lib/client/components/Icons/Hamburger.svelte": {
		"path": "/Users/ahmadalfasakan/Documents/svelte/cashier-app/src/lib/client/components/Icons/Hamburger.svelte",
		"all": false,
		"statementMap": {
			"0": { "start": { "line": 1, "column": 0 }, "end": { "line": 1, "column": 18 } },
			"1": { "start": { "line": 2, "column": 0 }, "end": { "line": 2, "column": 25 } },
			"2": { "start": { "line": 3, "column": 0 }, "end": { "line": 3, "column": 26 } },
			"3": { "start": { "line": 4, "column": 0 }, "end": { "line": 4, "column": 0 } },
			"4": { "start": { "line": 5, "column": 0 }, "end": { "line": 5, "column": 32 } },
			"5": { "start": { "line": 6, "column": 0 }, "end": { "line": 6, "column": 31 } },
			"6": { "start": { "line": 7, "column": 0 }, "end": { "line": 7, "column": 9 } },
			"7": { "start": { "line": 8, "column": 0 }, "end": { "line": 8, "column": 0 } },
			"8": { "start": { "line": 9, "column": 0 }, "end": { "line": 9, "column": 97 } },
			"9": { "start": { "line": 10, "column": 0 }, "end": { "line": 10, "column": 6 } },
			"10": { "start": { "line": 11, "column": 0 }, "end": { "line": 11, "column": 285 } },
			"11": { "start": { "line": 12, "column": 0 }, "end": { "line": 12, "column": 3 } },
			"12": { "start": { "line": 13, "column": 0 }, "end": { "line": 13, "column": 6 } }
		},
		"s": {
			"0": 1,
			"1": 1,
			"2": 1,
			"3": 1,
			"4": 1,
			"5": 1,
			"6": 1,
			"7": 1,
			"8": 1,
			"9": 1,
			"10": 1,
			"11": 1,
			"12": 1
		},
		"branchMap": {},
		"b": {},
		"fnMap": {},
		"f": {}
	},
	"/Users/ahmadalfasakan/Documents/svelte/cashier-app/src/lib/client/components/Icons/Home.svelte": {
		"path": "/Users/ahmadalfasakan/Documents/svelte/cashier-app/src/lib/client/components/Icons/Home.svelte",
		"all": false,
		"statementMap": {
			"0": { "start": { "line": 1, "column": 0 }, "end": { "line": 1, "column": 18 } },
			"1": { "start": { "line": 2, "column": 0 }, "end": { "line": 2, "column": 25 } },
			"2": { "start": { "line": 3, "column": 0 }, "end": { "line": 3, "column": 26 } },
			"3": { "start": { "line": 4, "column": 0 }, "end": { "line": 4, "column": 0 } },
			"4": { "start": { "line": 5, "column": 0 }, "end": { "line": 5, "column": 34 } },
			"5": { "start": { "line": 6, "column": 0 }, "end": { "line": 6, "column": 31 } },
			"6": { "start": { "line": 7, "column": 0 }, "end": { "line": 7, "column": 9 } },
			"7": { "start": { "line": 8, "column": 0 }, "end": { "line": 8, "column": 0 } },
			"8": { "start": { "line": 9, "column": 0 }, "end": { "line": 9, "column": 4 } },
			"9": { "start": { "line": 10, "column": 0 }, "end": { "line": 10, "column": 35 } },
			"10": { "start": { "line": 11, "column": 0 }, "end": { "line": 11, "column": 18 } },
			"11": { "start": { "line": 12, "column": 0 }, "end": { "line": 12, "column": 12 } },
			"12": { "start": { "line": 13, "column": 0 }, "end": { "line": 13, "column": 20 } },
			"13": { "start": { "line": 14, "column": 0 }, "end": { "line": 14, "column": 8 } },
			"14": { "start": { "line": 15, "column": 0 }, "end": { "line": 15, "column": 9 } },
			"15": { "start": { "line": 16, "column": 0 }, "end": { "line": 16, "column": 1 } },
			"16": { "start": { "line": 17, "column": 0 }, "end": { "line": 17, "column": 6 } },
			"17": { "start": { "line": 18, "column": 0 }, "end": { "line": 18, "column": 24 } },
			"18": { "start": { "line": 19, "column": 0 }, "end": { "line": 19, "column": 25 } },
			"19": { "start": { "line": 20, "column": 0 }, "end": { "line": 20, "column": 18 } },
			"20": { "start": { "line": 21, "column": 0 }, "end": { "line": 21, "column": 150 } },
			"21": { "start": { "line": 22, "column": 0 }, "end": { "line": 22, "column": 3 } },
			"22": { "start": { "line": 23, "column": 0 }, "end": { "line": 23, "column": 6 } }
		},
		"s": {
			"0": 1,
			"1": 1,
			"2": 1,
			"3": 1,
			"4": 1,
			"5": 1,
			"6": 1,
			"7": 1,
			"8": 1,
			"9": 1,
			"10": 1,
			"11": 1,
			"12": 1,
			"13": 1,
			"14": 1,
			"15": 1,
			"16": 1,
			"17": 1,
			"18": 1,
			"19": 1,
			"20": 1,
			"21": 1,
			"22": 1
		},
		"branchMap": {},
		"b": {},
		"fnMap": {},
		"f": {}
	},
	"/Users/ahmadalfasakan/Documents/svelte/cashier-app/src/lib/client/components/Icons/Minus.svelte": {
		"path": "/Users/ahmadalfasakan/Documents/svelte/cashier-app/src/lib/client/components/Icons/Minus.svelte",
		"all": false,
		"statementMap": {
			"0": { "start": { "line": 1, "column": 0 }, "end": { "line": 1, "column": 18 } },
			"1": { "start": { "line": 2, "column": 0 }, "end": { "line": 2, "column": 25 } },
			"2": { "start": { "line": 3, "column": 0 }, "end": { "line": 3, "column": 26 } },
			"3": { "start": { "line": 4, "column": 0 }, "end": { "line": 4, "column": 47 } },
			"4": { "start": { "line": 5, "column": 0 }, "end": { "line": 5, "column": 31 } },
			"5": { "start": { "line": 6, "column": 0 }, "end": { "line": 6, "column": 9 } },
			"6": { "start": { "line": 7, "column": 0 }, "end": { "line": 7, "column": 0 } },
			"7": { "start": { "line": 8, "column": 0 }, "end": { "line": 8, "column": 95 } },
			"8": { "start": { "line": 9, "column": 0 }, "end": { "line": 9, "column": 88 } },
			"9": { "start": { "line": 10, "column": 0 }, "end": { "line": 10, "column": 6 } }
		},
		"s": { "0": 1, "1": 1, "2": 1, "3": 1, "4": 1, "5": 1, "6": 1, "7": 1, "8": 1, "9": 1 },
		"branchMap": {},
		"b": {},
		"fnMap": {},
		"f": {}
	},
	"/Users/ahmadalfasakan/Documents/svelte/cashier-app/src/lib/client/components/Icons/Person.svelte": {
		"path": "/Users/ahmadalfasakan/Documents/svelte/cashier-app/src/lib/client/components/Icons/Person.svelte",
		"all": false,
		"statementMap": {
			"0": { "start": { "line": 1, "column": 0 }, "end": { "line": 1, "column": 18 } },
			"1": { "start": { "line": 2, "column": 0 }, "end": { "line": 2, "column": 25 } },
			"2": { "start": { "line": 3, "column": 0 }, "end": { "line": 3, "column": 26 } },
			"3": { "start": { "line": 4, "column": 0 }, "end": { "line": 4, "column": 0 } },
			"4": { "start": { "line": 5, "column": 0 }, "end": { "line": 5, "column": 32 } },
			"5": { "start": { "line": 6, "column": 0 }, "end": { "line": 6, "column": 31 } },
			"6": { "start": { "line": 7, "column": 0 }, "end": { "line": 7, "column": 9 } },
			"7": { "start": { "line": 8, "column": 0 }, "end": { "line": 8, "column": 0 } },
			"8": { "start": { "line": 9, "column": 0 }, "end": { "line": 9, "column": 97 } },
			"9": { "start": { "line": 10, "column": 0 }, "end": { "line": 10, "column": 6 } },
			"10": { "start": { "line": 11, "column": 0 }, "end": { "line": 11, "column": 305 } },
			"11": { "start": { "line": 12, "column": 0 }, "end": { "line": 12, "column": 3 } },
			"12": { "start": { "line": 13, "column": 0 }, "end": { "line": 13, "column": 6 } }
		},
		"s": {
			"0": 1,
			"1": 1,
			"2": 1,
			"3": 1,
			"4": 1,
			"5": 1,
			"6": 1,
			"7": 1,
			"8": 1,
			"9": 1,
			"10": 1,
			"11": 1,
			"12": 1
		},
		"branchMap": {},
		"b": {},
		"fnMap": {},
		"f": {}
	},
	"/Users/ahmadalfasakan/Documents/svelte/cashier-app/src/lib/client/components/Icons/Plus.svelte": {
		"path": "/Users/ahmadalfasakan/Documents/svelte/cashier-app/src/lib/client/components/Icons/Plus.svelte",
		"all": false,
		"statementMap": {
			"0": { "start": { "line": 1, "column": 0 }, "end": { "line": 1, "column": 18 } },
			"1": { "start": { "line": 2, "column": 0 }, "end": { "line": 2, "column": 25 } },
			"2": { "start": { "line": 3, "column": 0 }, "end": { "line": 3, "column": 26 } },
			"3": { "start": { "line": 4, "column": 0 }, "end": { "line": 4, "column": 47 } },
			"4": { "start": { "line": 5, "column": 0 }, "end": { "line": 5, "column": 31 } },
			"5": { "start": { "line": 6, "column": 0 }, "end": { "line": 6, "column": 9 } },
			"6": { "start": { "line": 7, "column": 0 }, "end": { "line": 7, "column": 0 } },
			"7": { "start": { "line": 8, "column": 0 }, "end": { "line": 8, "column": 95 } },
			"8": { "start": { "line": 9, "column": 0 }, "end": { "line": 9, "column": 88 } },
			"9": { "start": { "line": 10, "column": 0 }, "end": { "line": 10, "column": 88 } },
			"10": { "start": { "line": 11, "column": 0 }, "end": { "line": 11, "column": 6 } }
		},
		"s": {
			"0": 1,
			"1": 1,
			"2": 1,
			"3": 1,
			"4": 1,
			"5": 1,
			"6": 1,
			"7": 1,
			"8": 1,
			"9": 1,
			"10": 1
		},
		"branchMap": {},
		"b": {},
		"fnMap": {},
		"f": {}
	},
	"/Users/ahmadalfasakan/Documents/svelte/cashier-app/src/lib/client/components/Icons/Search.svelte": {
		"path": "/Users/ahmadalfasakan/Documents/svelte/cashier-app/src/lib/client/components/Icons/Search.svelte",
		"all": false,
		"statementMap": {
			"0": { "start": { "line": 1, "column": 0 }, "end": { "line": 1, "column": 18 } },
			"1": { "start": { "line": 2, "column": 0 }, "end": { "line": 2, "column": 25 } },
			"2": { "start": { "line": 3, "column": 0 }, "end": { "line": 3, "column": 26 } },
			"3": { "start": { "line": 4, "column": 0 }, "end": { "line": 4, "column": 0 } },
			"4": { "start": { "line": 5, "column": 0 }, "end": { "line": 5, "column": 32 } },
			"5": { "start": { "line": 6, "column": 0 }, "end": { "line": 6, "column": 31 } },
			"6": { "start": { "line": 7, "column": 0 }, "end": { "line": 7, "column": 9 } },
			"7": { "start": { "line": 8, "column": 0 }, "end": { "line": 8, "column": 0 } },
			"8": { "start": { "line": 9, "column": 0 }, "end": { "line": 9, "column": 97 } },
			"9": { "start": { "line": 10, "column": 0 }, "end": { "line": 10, "column": 6 } },
			"10": { "start": { "line": 11, "column": 0 }, "end": { "line": 11, "column": 238 } },
			"11": { "start": { "line": 12, "column": 0 }, "end": { "line": 12, "column": 3 } },
			"12": { "start": { "line": 13, "column": 0 }, "end": { "line": 13, "column": 6 } }
		},
		"s": {
			"0": 1,
			"1": 1,
			"2": 1,
			"3": 1,
			"4": 1,
			"5": 1,
			"6": 1,
			"7": 1,
			"8": 1,
			"9": 1,
			"10": 1,
			"11": 1,
			"12": 1
		},
		"branchMap": {},
		"b": {},
		"fnMap": {},
		"f": {}
	},
	"/Users/ahmadalfasakan/Documents/svelte/cashier-app/src/lib/client/components/Icons/Setting.svelte": {
		"path": "/Users/ahmadalfasakan/Documents/svelte/cashier-app/src/lib/client/components/Icons/Setting.svelte",
		"all": false,
		"statementMap": {
			"0": { "start": { "line": 1, "column": 0 }, "end": { "line": 1, "column": 18 } },
			"1": { "start": { "line": 2, "column": 0 }, "end": { "line": 2, "column": 25 } },
			"2": { "start": { "line": 3, "column": 0 }, "end": { "line": 3, "column": 26 } },
			"3": { "start": { "line": 4, "column": 0 }, "end": { "line": 4, "column": 32 } },
			"4": { "start": { "line": 5, "column": 0 }, "end": { "line": 5, "column": 31 } },
			"5": { "start": { "line": 6, "column": 0 }, "end": { "line": 6, "column": 9 } },
			"6": { "start": { "line": 7, "column": 0 }, "end": { "line": 7, "column": 0 } },
			"7": { "start": { "line": 8, "column": 0 }, "end": { "line": 8, "column": 4 } },
			"8": { "start": { "line": 9, "column": 0 }, "end": { "line": 9, "column": 8 } },
			"9": { "start": { "line": 10, "column": 0 }, "end": { "line": 10, "column": 9 } },
			"10": { "start": { "line": 11, "column": 0 }, "end": { "line": 11, "column": 20 } },
			"11": { "start": { "line": 12, "column": 0 }, "end": { "line": 12, "column": 12 } },
			"12": { "start": { "line": 13, "column": 0 }, "end": { "line": 13, "column": 35 } },
			"13": { "start": { "line": 14, "column": 0 }, "end": { "line": 14, "column": 18 } },
			"14": { "start": { "line": 15, "column": 0 }, "end": { "line": 15, "column": 1 } },
			"15": { "start": { "line": 16, "column": 0 }, "end": { "line": 16, "column": 6 } },
			"16": { "start": { "line": 17, "column": 0 }, "end": { "line": 17, "column": 273 } },
			"17": { "start": { "line": 18, "column": 0 }, "end": { "line": 18, "column": 3 } },
			"18": { "start": { "line": 19, "column": 0 }, "end": { "line": 19, "column": 6 } },
			"19": { "start": { "line": 20, "column": 0 }, "end": { "line": 20, "column": 2144 } },
			"20": { "start": { "line": 21, "column": 0 }, "end": { "line": 21, "column": 3 } },
			"21": { "start": { "line": 22, "column": 0 }, "end": { "line": 22, "column": 6 } }
		},
		"s": {
			"0": 1,
			"1": 1,
			"2": 1,
			"3": 1,
			"4": 1,
			"5": 1,
			"6": 1,
			"7": 1,
			"8": 1,
			"9": 1,
			"10": 1,
			"11": 1,
			"12": 1,
			"13": 1,
			"14": 1,
			"15": 1,
			"16": 1,
			"17": 1,
			"18": 1,
			"19": 1,
			"20": 1,
			"21": 1
		},
		"branchMap": {},
		"b": {},
		"fnMap": {},
		"f": {}
	},
	"/Users/ahmadalfasakan/Documents/svelte/cashier-app/src/lib/client/components/atoms/SwapTheme/SwapTheme.atom.svelte": {
		"path": "/Users/ahmadalfasakan/Documents/svelte/cashier-app/src/lib/client/components/atoms/SwapTheme/SwapTheme.atom.svelte",
		"all": false,
		"statementMap": {
			"0": { "start": { "line": 1, "column": 0 }, "end": { "line": 1, "column": 18 } },
			"1": { "start": { "line": 2, "column": 0 }, "end": { "line": 2, "column": 27 } },
			"2": { "start": { "line": 3, "column": 0 }, "end": { "line": 3, "column": 9 } },
			"3": { "start": { "line": 4, "column": 0 }, "end": { "line": 4, "column": 0 } },
			"4": { "start": { "line": 5, "column": 0 }, "end": { "line": 5, "column": 32 } },
			"5": { "start": { "line": 6, "column": 0 }, "end": { "line": 6, "column": 49 } },
			"6": { "start": { "line": 7, "column": 0 }, "end": { "line": 7, "column": 45 } },
			"7": { "start": { "line": 8, "column": 0 }, "end": { "line": 8, "column": 0 } },
			"8": { "start": { "line": 9, "column": 0 }, "end": { "line": 9, "column": 18 } },
			"9": { "start": { "line": 10, "column": 0 }, "end": { "line": 10, "column": 98 } },
			"10": { "start": { "line": 11, "column": 0 }, "end": { "line": 11, "column": 7 } },
			"11": { "start": { "line": 12, "column": 0 }, "end": { "line": 12, "column": 646 } },
			"12": { "start": { "line": 13, "column": 0 }, "end": { "line": 13, "column": 4 } },
			"13": { "start": { "line": 14, "column": 0 }, "end": { "line": 14, "column": 7 } },
			"14": { "start": { "line": 15, "column": 0 }, "end": { "line": 15, "column": 0 } },
			"15": { "start": { "line": 16, "column": 0 }, "end": { "line": 16, "column": 19 } },
			"16": { "start": { "line": 17, "column": 0 }, "end": { "line": 17, "column": 99 } },
			"17": { "start": { "line": 18, "column": 0 }, "end": { "line": 18, "column": 7 } },
			"18": { "start": { "line": 19, "column": 0 }, "end": { "line": 19, "column": 294 } },
			"19": { "start": { "line": 20, "column": 0 }, "end": { "line": 20, "column": 4 } },
			"20": { "start": { "line": 21, "column": 0 }, "end": { "line": 21, "column": 7 } },
			"21": { "start": { "line": 22, "column": 0 }, "end": { "line": 22, "column": 8 } }
		},
		"s": {
			"0": 1,
			"1": 1,
			"2": 1,
			"3": 1,
			"4": 1,
			"5": 1,
			"6": 1,
			"7": 1,
			"8": 1,
			"9": 1,
			"10": 1,
			"11": 1,
			"12": 1,
			"13": 1,
			"14": 1,
			"15": 1,
			"16": 1,
			"17": 1,
			"18": 1,
			"19": 1,
			"20": 1,
			"21": 1
		},
		"branchMap": {},
		"b": {},
		"fnMap": {},
		"f": {}
	},
	"/Users/ahmadalfasakan/Documents/svelte/cashier-app/src/lib/client/components/atoms/TextInput/TextInput.atom.svelte": {
		"path": "/Users/ahmadalfasakan/Documents/svelte/cashier-app/src/lib/client/components/atoms/TextInput/TextInput.atom.svelte",
		"all": false,
		"statementMap": {
			"0": { "start": { "line": 1, "column": 0 }, "end": { "line": 1, "column": 18 } },
			"1": { "start": { "line": 2, "column": 0 }, "end": { "line": 2, "column": 26 } },
			"2": { "start": { "line": 3, "column": 0 }, "end": { "line": 3, "column": 25 } },
			"3": { "start": { "line": 4, "column": 0 }, "end": { "line": 4, "column": 23 } },
			"4": { "start": { "line": 5, "column": 0 }, "end": { "line": 5, "column": 29 } },
			"5": { "start": { "line": 6, "column": 0 }, "end": { "line": 6, "column": 87 } },
			"6": { "start": { "line": 7, "column": 0 }, "end": { "line": 7, "column": 40 } },
			"7": { "start": { "line": 8, "column": 0 }, "end": { "line": 8, "column": 29 } },
			"8": { "start": { "line": 9, "column": 0 }, "end": { "line": 9, "column": 48 } },
			"9": { "start": { "line": 10, "column": 0 }, "end": { "line": 10, "column": 9 } },
			"10": { "start": { "line": 11, "column": 0 }, "end": { "line": 11, "column": 0 } },
			"11": { "start": { "line": 12, "column": 0 }, "end": { "line": 12, "column": 33 } },
			"12": { "start": { "line": 13, "column": 0 }, "end": { "line": 13, "column": 33 } },
			"13": { "start": { "line": 14, "column": 0 }, "end": { "line": 14, "column": 55 } },
			"14": { "start": { "line": 15, "column": 0 }, "end": { "line": 15, "column": 9 } },
			"15": { "start": { "line": 16, "column": 0 }, "end": { "line": 16, "column": 78 } },
			"16": { "start": { "line": 17, "column": 0 }, "end": { "line": 17, "column": 23 } },
			"17": { "start": { "line": 18, "column": 0 }, "end": { "line": 18, "column": 25 } },
			"18": { "start": { "line": 19, "column": 0 }, "end": { "line": 19, "column": 9 } },
			"19": { "start": { "line": 20, "column": 0 }, "end": { "line": 20, "column": 8 } },
			"20": { "start": { "line": 21, "column": 0 }, "end": { "line": 21, "column": 57 } },
			"21": { "start": { "line": 22, "column": 0 }, "end": { "line": 22, "column": 9 } },
			"22": { "start": { "line": 23, "column": 0 }, "end": { "line": 23, "column": 16 } },
			"23": { "start": { "line": 24, "column": 0 }, "end": { "line": 24, "column": 12 } },
			"24": { "start": { "line": 25, "column": 0 }, "end": { "line": 25, "column": 9 } },
			"25": { "start": { "line": 26, "column": 0 }, "end": { "line": 26, "column": 10 } },
			"26": { "start": { "line": 27, "column": 0 }, "end": { "line": 27, "column": 13 } },
			"27": { "start": { "line": 28, "column": 0 }, "end": { "line": 28, "column": 8 } },
			"28": { "start": { "line": 29, "column": 0 }, "end": { "line": 29, "column": 21 } },
			"29": { "start": { "line": 30, "column": 0 }, "end": { "line": 30, "column": 12 } },
			"30": { "start": { "line": 31, "column": 0 }, "end": { "line": 31, "column": 11 } },
			"31": { "start": { "line": 32, "column": 0 }, "end": { "line": 32, "column": 4 } },
			"32": { "start": { "line": 33, "column": 0 }, "end": { "line": 33, "column": 24 } },
			"33": { "start": { "line": 34, "column": 0 }, "end": { "line": 34, "column": 25 } },
			"34": { "start": { "line": 35, "column": 0 }, "end": { "line": 35, "column": 9 } },
			"35": { "start": { "line": 36, "column": 0 }, "end": { "line": 36, "column": 7 } },
			"36": { "start": { "line": 37, "column": 0 }, "end": { "line": 37, "column": 33 } },
			"37": { "start": { "line": 38, "column": 0 }, "end": { "line": 38, "column": 69 } },
			"38": { "start": { "line": 39, "column": 0 }, "end": { "line": 39, "column": 9 } },
			"39": { "start": { "line": 40, "column": 0 }, "end": { "line": 40, "column": 6 } }
		},
		"s": {
			"0": 1,
			"1": 1,
			"2": 1,
			"3": 1,
			"4": 1,
			"5": 1,
			"6": 1,
			"7": 1,
			"8": 1,
			"9": 1,
			"10": 1,
			"11": 1,
			"12": 1,
			"13": 1,
			"14": 1,
			"15": 1,
			"16": 1,
			"17": 1,
			"18": 1,
			"19": 1,
			"20": 1,
			"21": 1,
			"22": 1,
			"23": 1,
			"24": 1,
			"25": 1,
			"26": 1,
			"27": 1,
			"28": 1,
			"29": 1,
			"30": 1,
			"31": 1,
			"32": 1,
			"33": 1,
			"34": 1,
			"35": 1,
			"36": 1,
			"37": 1,
			"38": 1,
			"39": 1
		},
		"branchMap": {
			"0": {
				"type": "branch",
				"line": 38,
				"loc": { "start": { "line": 38, "column": 48 }, "end": { "line": 38, "column": 59 } },
				"locations": [
					{ "start": { "line": 38, "column": 48 }, "end": { "line": 38, "column": 59 } }
				]
			},
			"1": {
				"type": "branch",
				"line": 38,
				"loc": { "start": { "line": 38, "column": 56 }, "end": { "line": 38, "column": 61 } },
				"locations": [
					{ "start": { "line": 38, "column": 56 }, "end": { "line": 38, "column": 61 } }
				]
			}
		},
		"b": { "0": [1], "1": [2] },
		"fnMap": {},
		"f": {}
	},
	"/Users/ahmadalfasakan/Documents/svelte/cashier-app/src/lib/client/components/atoms/TextInputArea/TextInputArea.atom.svelte": {
		"path": "/Users/ahmadalfasakan/Documents/svelte/cashier-app/src/lib/client/components/atoms/TextInputArea/TextInputArea.atom.svelte",
		"all": false,
		"statementMap": {
			"0": { "start": { "line": 1, "column": 0 }, "end": { "line": 1, "column": 18 } },
			"1": { "start": { "line": 2, "column": 0 }, "end": { "line": 2, "column": 26 } },
			"2": { "start": { "line": 3, "column": 0 }, "end": { "line": 3, "column": 25 } },
			"3": { "start": { "line": 4, "column": 0 }, "end": { "line": 4, "column": 23 } },
			"4": { "start": { "line": 5, "column": 0 }, "end": { "line": 5, "column": 29 } },
			"5": { "start": { "line": 6, "column": 0 }, "end": { "line": 6, "column": 23 } },
			"6": { "start": { "line": 7, "column": 0 }, "end": { "line": 7, "column": 29 } },
			"7": { "start": { "line": 8, "column": 0 }, "end": { "line": 8, "column": 9 } },
			"8": { "start": { "line": 9, "column": 0 }, "end": { "line": 9, "column": 0 } },
			"9": { "start": { "line": 10, "column": 0 }, "end": { "line": 10, "column": 33 } },
			"10": { "start": { "line": 11, "column": 0 }, "end": { "line": 11, "column": 33 } },
			"11": { "start": { "line": 12, "column": 0 }, "end": { "line": 12, "column": 55 } },
			"12": { "start": { "line": 13, "column": 0 }, "end": { "line": 13, "column": 9 } },
			"13": { "start": { "line": 14, "column": 0 }, "end": { "line": 14, "column": 10 } },
			"14": { "start": { "line": 15, "column": 0 }, "end": { "line": 15, "column": 15 } },
			"15": { "start": { "line": 16, "column": 0 }, "end": { "line": 16, "column": 102 } },
			"16": { "start": { "line": 17, "column": 0 }, "end": { "line": 17, "column": 11 } },
			"17": { "start": { "line": 18, "column": 0 }, "end": { "line": 18, "column": 8 } },
			"18": { "start": { "line": 19, "column": 0 }, "end": { "line": 19, "column": 9 } },
			"19": { "start": { "line": 20, "column": 0 }, "end": { "line": 20, "column": 12 } },
			"20": { "start": { "line": 21, "column": 0 }, "end": { "line": 21, "column": 3 } },
			"21": { "start": { "line": 22, "column": 0 }, "end": { "line": 22, "column": 33 } },
			"22": { "start": { "line": 23, "column": 0 }, "end": { "line": 23, "column": 69 } },
			"23": { "start": { "line": 24, "column": 0 }, "end": { "line": 24, "column": 9 } },
			"24": { "start": { "line": 25, "column": 0 }, "end": { "line": 25, "column": 6 } }
		},
		"s": {
			"0": 1,
			"1": 1,
			"2": 1,
			"3": 1,
			"4": 1,
			"5": 1,
			"6": 1,
			"7": 1,
			"8": 1,
			"9": 1,
			"10": 1,
			"11": 1,
			"12": 1,
			"13": 1,
			"14": 1,
			"15": 1,
			"16": 1,
			"17": 1,
			"18": 1,
			"19": 1,
			"20": 1,
			"21": 1,
			"22": 1,
			"23": 1,
			"24": 1
		},
		"branchMap": {},
		"b": {},
		"fnMap": {},
		"f": {}
	},
	"/Users/ahmadalfasakan/Documents/svelte/cashier-app/src/lib/client/components/atoms/TextInputNumber/TextInputNumber.atom.svelte": {
		"path": "/Users/ahmadalfasakan/Documents/svelte/cashier-app/src/lib/client/components/atoms/TextInputNumber/TextInputNumber.atom.svelte",
		"all": false,
		"statementMap": {
			"0": { "start": { "line": 1, "column": 0 }, "end": { "line": 1, "column": 18 } },
			"1": { "start": { "line": 2, "column": 0 }, "end": { "line": 2, "column": 23 } },
			"2": { "start": { "line": 3, "column": 0 }, "end": { "line": 3, "column": 22 } },
			"3": { "start": { "line": 4, "column": 0 }, "end": { "line": 4, "column": 37 } },
			"4": { "start": { "line": 5, "column": 0 }, "end": { "line": 5, "column": 42 } },
			"5": { "start": { "line": 6, "column": 0 }, "end": { "line": 6, "column": 26 } },
			"6": { "start": { "line": 7, "column": 0 }, "end": { "line": 7, "column": 29 } },
			"7": { "start": { "line": 8, "column": 0 }, "end": { "line": 8, "column": 31 } },
			"8": { "start": { "line": 9, "column": 0 }, "end": { "line": 9, "column": 9 } },
			"9": { "start": { "line": 10, "column": 0 }, "end": { "line": 10, "column": 0 } },
			"10": { "start": { "line": 11, "column": 0 }, "end": { "line": 11, "column": 6 } },
			"11": { "start": { "line": 12, "column": 0 }, "end": { "line": 12, "column": 124 } },
			"12": { "start": { "line": 13, "column": 0 }, "end": { "line": 13, "column": 6 } },
			"13": { "start": { "line": 14, "column": 0 }, "end": { "line": 14, "column": 12 } },
			"14": { "start": { "line": 15, "column": 0 }, "end": { "line": 15, "column": 6 } },
			"15": { "start": { "line": 16, "column": 0 }, "end": { "line": 16, "column": 14 } },
			"16": { "start": { "line": 17, "column": 0 }, "end": { "line": 17, "column": 7 } },
			"17": { "start": { "line": 18, "column": 0 }, "end": { "line": 18, "column": 8 } },
			"18": { "start": { "line": 19, "column": 0 }, "end": { "line": 19, "column": 9 } },
			"19": { "start": { "line": 20, "column": 0 }, "end": { "line": 20, "column": 9 } },
			"20": { "start": { "line": 21, "column": 0 }, "end": { "line": 21, "column": 8 } },
			"21": { "start": { "line": 22, "column": 0 }, "end": { "line": 22, "column": 2 } }
		},
		"s": {
			"0": 1,
			"1": 1,
			"2": 1,
			"3": 1,
			"4": 1,
			"5": 1,
			"6": 1,
			"7": 1,
			"8": 1,
			"9": 1,
			"10": 1,
			"11": 1,
			"12": 1,
			"13": 1,
			"14": 1,
			"15": 1,
			"16": 1,
			"17": 1,
			"18": 1,
			"19": 1,
			"20": 1,
			"21": 1
		},
		"branchMap": {},
		"b": {},
		"fnMap": {},
		"f": {}
	},
	"/Users/ahmadalfasakan/Documents/svelte/cashier-app/src/lib/client/components/atoms/TextInputPassword/TextInputPassword.atom.svelte": {
		"path": "/Users/ahmadalfasakan/Documents/svelte/cashier-app/src/lib/client/components/atoms/TextInputPassword/TextInputPassword.atom.svelte",
		"all": false,
		"statementMap": {
			"0": { "start": { "line": 1, "column": 0 }, "end": { "line": 1, "column": 18 } },
			"1": { "start": { "line": 2, "column": 0 }, "end": { "line": 2, "column": 48 } },
			"2": { "start": { "line": 3, "column": 0 }, "end": { "line": 3, "column": 46 } },
			"3": { "start": { "line": 4, "column": 0 }, "end": { "line": 4, "column": 0 } },
			"4": { "start": { "line": 5, "column": 0 }, "end": { "line": 5, "column": 26 } },
			"5": { "start": { "line": 6, "column": 0 }, "end": { "line": 6, "column": 25 } },
			"6": { "start": { "line": 7, "column": 0 }, "end": { "line": 7, "column": 23 } },
			"7": { "start": { "line": 8, "column": 0 }, "end": { "line": 8, "column": 29 } },
			"8": { "start": { "line": 9, "column": 0 }, "end": { "line": 9, "column": 40 } },
			"9": { "start": { "line": 10, "column": 0 }, "end": { "line": 10, "column": 29 } },
			"10": { "start": { "line": 11, "column": 0 }, "end": { "line": 11, "column": 48 } },
			"11": { "start": { "line": 12, "column": 0 }, "end": { "line": 12, "column": 0 } },
			"12": { "start": { "line": 13, "column": 0 }, "end": { "line": 13, "column": 20 } },
			"13": { "start": { "line": 14, "column": 0 }, "end": { "line": 14, "column": 0 } },
			"14": { "start": { "line": 15, "column": 0 }, "end": { "line": 15, "column": 28 } },
			"15": { "start": { "line": 16, "column": 0 }, "end": { "line": 16, "column": 19 } },
			"16": { "start": { "line": 17, "column": 0 }, "end": { "line": 17, "column": 2 } },
			"17": { "start": { "line": 18, "column": 0 }, "end": { "line": 18, "column": 9 } },
			"18": { "start": { "line": 19, "column": 0 }, "end": { "line": 19, "column": 0 } },
			"19": { "start": { "line": 20, "column": 0 }, "end": { "line": 20, "column": 33 } },
			"20": { "start": { "line": 21, "column": 0 }, "end": { "line": 21, "column": 33 } },
			"21": { "start": { "line": 22, "column": 0 }, "end": { "line": 22, "column": 55 } },
			"22": { "start": { "line": 23, "column": 0 }, "end": { "line": 23, "column": 56 } },
			"23": { "start": { "line": 24, "column": 0 }, "end": { "line": 24, "column": 9 } },
			"24": { "start": { "line": 25, "column": 0 }, "end": { "line": 25, "column": 71 } },
			"25": { "start": { "line": 26, "column": 0 }, "end": { "line": 26, "column": 8 } },
			"26": { "start": { "line": 27, "column": 0 }, "end": { "line": 27, "column": 62 } },
			"27": { "start": { "line": 28, "column": 0 }, "end": { "line": 28, "column": 38 } },
			"28": { "start": { "line": 29, "column": 0 }, "end": { "line": 29, "column": 16 } },
			"29": { "start": { "line": 30, "column": 0 }, "end": { "line": 30, "column": 12 } },
			"30": { "start": { "line": 31, "column": 0 }, "end": { "line": 31, "column": 9 } },
			"31": { "start": { "line": 32, "column": 0 }, "end": { "line": 32, "column": 10 } },
			"32": { "start": { "line": 33, "column": 0 }, "end": { "line": 33, "column": 13 } },
			"33": { "start": { "line": 34, "column": 0 }, "end": { "line": 34, "column": 8 } },
			"34": { "start": { "line": 35, "column": 0 }, "end": { "line": 35, "column": 12 } },
			"35": { "start": { "line": 36, "column": 0 }, "end": { "line": 36, "column": 4 } },
			"36": { "start": { "line": 37, "column": 0 }, "end": { "line": 37, "column": 50 } },
			"37": { "start": { "line": 38, "column": 0 }, "end": { "line": 38, "column": 15 } },
			"38": { "start": { "line": 39, "column": 0 }, "end": { "line": 39, "column": 36 } },
			"39": { "start": { "line": 40, "column": 0 }, "end": { "line": 40, "column": 10 } },
			"40": { "start": { "line": 41, "column": 0 }, "end": { "line": 41, "column": 37 } },
			"41": { "start": { "line": 42, "column": 0 }, "end": { "line": 42, "column": 8 } },
			"42": { "start": { "line": 43, "column": 0 }, "end": { "line": 43, "column": 11 } },
			"43": { "start": { "line": 44, "column": 0 }, "end": { "line": 44, "column": 7 } },
			"44": { "start": { "line": 45, "column": 0 }, "end": { "line": 45, "column": 33 } },
			"45": { "start": { "line": 46, "column": 0 }, "end": { "line": 46, "column": 69 } },
			"46": { "start": { "line": 47, "column": 0 }, "end": { "line": 47, "column": 9 } },
			"47": { "start": { "line": 48, "column": 0 }, "end": { "line": 48, "column": 6 } }
		},
		"s": {
			"0": 1,
			"1": 1,
			"2": 1,
			"3": 1,
			"4": 1,
			"5": 1,
			"6": 1,
			"7": 1,
			"8": 1,
			"9": 1,
			"10": 1,
			"11": 1,
			"12": 1,
			"13": 1,
			"14": 1,
			"15": 1,
			"16": 1,
			"17": 1,
			"18": 1,
			"19": 1,
			"20": 1,
			"21": 1,
			"22": 1,
			"23": 1,
			"24": 1,
			"25": 1,
			"26": 1,
			"27": 1,
			"28": 1,
			"29": 1,
			"30": 1,
			"31": 1,
			"32": 1,
			"33": 1,
			"34": 1,
			"35": 1,
			"36": 1,
			"37": 1,
			"38": 1,
			"39": 1,
			"40": 1,
			"41": 1,
			"42": 1,
			"43": 1,
			"44": 1,
			"45": 1,
			"46": 1,
			"47": 1
		},
		"branchMap": {},
		"b": {},
		"fnMap": {},
		"f": {}
	},
	"/Users/ahmadalfasakan/Documents/svelte/cashier-app/src/lib/client/components/molecules/BottomTransaction/BottomTransaction.molecule.svelte": {
		"path": "/Users/ahmadalfasakan/Documents/svelte/cashier-app/src/lib/client/components/molecules/BottomTransaction/BottomTransaction.molecule.svelte",
		"all": false,
		"statementMap": {
			"0": { "start": { "line": 1, "column": 0 }, "end": { "line": 1, "column": 18 } },
			"1": { "start": { "line": 2, "column": 0 }, "end": { "line": 2, "column": 29 } },
			"2": { "start": { "line": 3, "column": 0 }, "end": { "line": 3, "column": 28 } },
			"3": { "start": { "line": 4, "column": 0 }, "end": { "line": 4, "column": 28 } },
			"4": { "start": { "line": 5, "column": 0 }, "end": { "line": 5, "column": 34 } },
			"5": { "start": { "line": 6, "column": 0 }, "end": { "line": 6, "column": 9 } },
			"6": { "start": { "line": 7, "column": 0 }, "end": { "line": 7, "column": 0 } },
			"7": { "start": { "line": 8, "column": 0 }, "end": { "line": 8, "column": 78 } },
			"8": { "start": { "line": 9, "column": 0 }, "end": { "line": 9, "column": 94 } },
			"9": { "start": { "line": 10, "column": 0 }, "end": { "line": 10, "column": 48 } },
			"10": { "start": { "line": 11, "column": 0 }, "end": { "line": 11, "column": 72 } },
			"11": { "start": { "line": 12, "column": 0 }, "end": { "line": 12, "column": 36 } },
			"12": { "start": { "line": 13, "column": 0 }, "end": { "line": 13, "column": 8 } },
			"13": { "start": { "line": 14, "column": 0 }, "end": { "line": 14, "column": 7 } },
			"14": { "start": { "line": 15, "column": 0 }, "end": { "line": 15, "column": 40 } },
			"15": { "start": { "line": 16, "column": 0 }, "end": { "line": 16, "column": 8 } },
			"16": { "start": { "line": 17, "column": 0 }, "end": { "line": 17, "column": 5 } },
			"17": { "start": { "line": 18, "column": 0 }, "end": { "line": 18, "column": 6 } }
		},
		"s": {
			"0": 1,
			"1": 1,
			"2": 1,
			"3": 1,
			"4": 1,
			"5": 1,
			"6": 1,
			"7": 1,
			"8": 1,
			"9": 1,
			"10": 1,
			"11": 1,
			"12": 1,
			"13": 1,
			"14": 1,
			"15": 1,
			"16": 1,
			"17": 1
		},
		"branchMap": {},
		"b": {},
		"fnMap": {},
		"f": {}
	},
	"/Users/ahmadalfasakan/Documents/svelte/cashier-app/src/lib/client/components/molecules/Card/Card.molecule.svelte": {
		"path": "/Users/ahmadalfasakan/Documents/svelte/cashier-app/src/lib/client/components/molecules/Card/Card.molecule.svelte",
		"all": false,
		"statementMap": {
			"0": { "start": { "line": 1, "column": 0 }, "end": { "line": 1, "column": 18 } },
			"1": { "start": { "line": 2, "column": 0 }, "end": { "line": 2, "column": 70 } },
			"2": { "start": { "line": 3, "column": 0 }, "end": { "line": 3, "column": 48 } },
			"3": { "start": { "line": 4, "column": 0 }, "end": { "line": 4, "column": 0 } },
			"4": { "start": { "line": 5, "column": 0 }, "end": { "line": 5, "column": 26 } },
			"5": { "start": { "line": 6, "column": 0 }, "end": { "line": 6, "column": 26 } },
			"6": { "start": { "line": 7, "column": 0 }, "end": { "line": 7, "column": 22 } },
			"7": { "start": { "line": 8, "column": 0 }, "end": { "line": 8, "column": 9 } },
			"8": { "start": { "line": 9, "column": 0 }, "end": { "line": 9, "column": 0 } },
			"9": { "start": { "line": 10, "column": 0 }, "end": { "line": 10, "column": 81 } },
			"10": { "start": { "line": 11, "column": 0 }, "end": { "line": 11, "column": 58 } },
			"11": { "start": { "line": 12, "column": 0 }, "end": { "line": 12, "column": 56 } },
			"12": { "start": { "line": 13, "column": 0 }, "end": { "line": 13, "column": 10 } },
			"13": { "start": { "line": 14, "column": 0 }, "end": { "line": 14, "column": 24 } },
			"14": { "start": { "line": 15, "column": 0 }, "end": { "line": 15, "column": 49 } },
			"15": { "start": { "line": 16, "column": 0 }, "end": { "line": 16, "column": 10 } },
			"16": { "start": { "line": 17, "column": 0 }, "end": { "line": 17, "column": 55 } },
			"17": { "start": { "line": 18, "column": 0 }, "end": { "line": 18, "column": 7 } },
			"18": { "start": { "line": 19, "column": 0 }, "end": { "line": 19, "column": 24 } },
			"19": { "start": { "line": 20, "column": 0 }, "end": { "line": 20, "column": 32 } },
			"20": { "start": { "line": 21, "column": 0 }, "end": { "line": 21, "column": 6 } },
			"21": { "start": { "line": 22, "column": 0 }, "end": { "line": 22, "column": 42 } },
			"22": { "start": { "line": 23, "column": 0 }, "end": { "line": 23, "column": 57 } },
			"23": { "start": { "line": 24, "column": 0 }, "end": { "line": 24, "column": 58 } },
			"24": { "start": { "line": 25, "column": 0 }, "end": { "line": 25, "column": 8 } },
			"25": { "start": { "line": 26, "column": 0 }, "end": { "line": 26, "column": 7 } },
			"26": { "start": { "line": 27, "column": 0 }, "end": { "line": 27, "column": 4 } }
		},
		"s": {
			"0": 1,
			"1": 1,
			"2": 1,
			"3": 1,
			"4": 1,
			"5": 1,
			"6": 1,
			"7": 1,
			"8": 1,
			"9": 1,
			"10": 1,
			"11": 1,
			"12": 1,
			"13": 1,
			"14": 1,
			"15": 1,
			"16": 1,
			"17": 1,
			"18": 1,
			"19": 1,
			"20": 1,
			"21": 1,
			"22": 1,
			"23": 1,
			"24": 1,
			"25": 1,
			"26": 1
		},
		"branchMap": {},
		"b": {},
		"fnMap": {},
		"f": {}
	},
	"/Users/ahmadalfasakan/Documents/svelte/cashier-app/src/lib/client/components/molecules/Carousel/Carousel.molecule.svelte": {
		"path": "/Users/ahmadalfasakan/Documents/svelte/cashier-app/src/lib/client/components/molecules/Carousel/Carousel.molecule.svelte",
		"all": false,
		"statementMap": {
			"0": { "start": { "line": 1, "column": 0 }, "end": { "line": 1, "column": 18 } },
			"1": { "start": { "line": 2, "column": 0 }, "end": { "line": 2, "column": 66 } },
			"2": { "start": { "line": 3, "column": 0 }, "end": { "line": 3, "column": 0 } },
			"3": { "start": { "line": 4, "column": 0 }, "end": { "line": 4, "column": 37 } },
			"4": { "start": { "line": 5, "column": 0 }, "end": { "line": 5, "column": 42 } },
			"5": { "start": { "line": 6, "column": 0 }, "end": { "line": 6, "column": 34 } },
			"6": { "start": { "line": 7, "column": 0 }, "end": { "line": 7, "column": 9 } },
			"7": { "start": { "line": 8, "column": 0 }, "end": { "line": 8, "column": 0 } },
			"8": { "start": { "line": 9, "column": 0 }, "end": { "line": 9, "column": 5 } },
			"9": { "start": { "line": 10, "column": 0 }, "end": { "line": 10, "column": 51 } },
			"10": { "start": { "line": 11, "column": 0 }, "end": { "line": 11, "column": 46 } },
			"11": { "start": { "line": 12, "column": 0 }, "end": { "line": 12, "column": 58 } },
			"12": { "start": { "line": 13, "column": 0 }, "end": { "line": 13, "column": 8 } },
			"13": { "start": { "line": 14, "column": 0 }, "end": { "line": 14, "column": 24 } },
			"14": { "start": { "line": 15, "column": 0 }, "end": { "line": 15, "column": 49 } },
			"15": { "start": { "line": 16, "column": 0 }, "end": { "line": 16, "column": 16 } },
			"16": { "start": { "line": 17, "column": 0 }, "end": { "line": 17, "column": 19 } },
			"17": { "start": { "line": 18, "column": 0 }, "end": { "line": 18, "column": 21 } },
			"18": { "start": { "line": 19, "column": 0 }, "end": { "line": 19, "column": 6 } },
			"19": { "start": { "line": 20, "column": 0 }, "end": { "line": 20, "column": 9 } },
			"20": { "start": { "line": 21, "column": 0 }, "end": { "line": 21, "column": 9 } },
			"21": { "start": { "line": 22, "column": 0 }, "end": { "line": 22, "column": 7 } },
			"22": { "start": { "line": 23, "column": 0 }, "end": { "line": 23, "column": 21 } },
			"23": { "start": { "line": 24, "column": 0 }, "end": { "line": 24, "column": 53 } },
			"24": { "start": { "line": 25, "column": 0 }, "end": { "line": 25, "column": 44 } },
			"25": { "start": { "line": 26, "column": 0 }, "end": { "line": 26, "column": 11 } },
			"26": { "start": { "line": 27, "column": 0 }, "end": { "line": 27, "column": 20 } },
			"27": { "start": { "line": 28, "column": 0 }, "end": { "line": 28, "column": 84 } },
			"28": { "start": { "line": 29, "column": 0 }, "end": { "line": 29, "column": 23 } },
			"29": { "start": { "line": 30, "column": 0 }, "end": { "line": 30, "column": 5 } },
			"30": { "start": { "line": 31, "column": 0 }, "end": { "line": 31, "column": 16 } },
			"31": { "start": { "line": 32, "column": 0 }, "end": { "line": 32, "column": 13 } },
			"32": { "start": { "line": 33, "column": 0 }, "end": { "line": 33, "column": 10 } },
			"33": { "start": { "line": 34, "column": 0 }, "end": { "line": 34, "column": 8 } },
			"34": { "start": { "line": 35, "column": 0 }, "end": { "line": 35, "column": 6 } },
			"35": { "start": { "line": 36, "column": 0 }, "end": { "line": 36, "column": 6 } }
		},
		"s": {
			"0": 1,
			"1": 1,
			"2": 1,
			"3": 1,
			"4": 1,
			"5": 1,
			"6": 1,
			"7": 1,
			"8": 1,
			"9": 1,
			"10": 1,
			"11": 1,
			"12": 1,
			"13": 1,
			"14": 1,
			"15": 1,
			"16": 1,
			"17": 1,
			"18": 1,
			"19": 1,
			"20": 1,
			"21": 1,
			"22": 1,
			"23": 1,
			"24": 1,
			"25": 1,
			"26": 1,
			"27": 1,
			"28": 1,
			"29": 1,
			"30": 1,
			"31": 1,
			"32": 1,
			"33": 1,
			"34": 1,
			"35": 1
		},
		"branchMap": {},
		"b": {},
		"fnMap": {},
		"f": {}
	},
	"/Users/ahmadalfasakan/Documents/svelte/cashier-app/src/lib/client/components/molecules/ListTileProduct/ListTileProduct.molecule.svelte": {
		"path": "/Users/ahmadalfasakan/Documents/svelte/cashier-app/src/lib/client/components/molecules/ListTileProduct/ListTileProduct.molecule.svelte",
		"all": false,
		"statementMap": {
			"0": { "start": { "line": 1, "column": 0 }, "end": { "line": 1, "column": 18 } },
			"1": { "start": { "line": 2, "column": 0 }, "end": { "line": 2, "column": 70 } },
			"2": { "start": { "line": 3, "column": 0 }, "end": { "line": 3, "column": 47 } },
			"3": { "start": { "line": 4, "column": 0 }, "end": { "line": 4, "column": 48 } },
			"4": { "start": { "line": 5, "column": 0 }, "end": { "line": 5, "column": 87 } },
			"5": { "start": { "line": 6, "column": 0 }, "end": { "line": 6, "column": 46 } },
			"6": { "start": { "line": 7, "column": 0 }, "end": { "line": 7, "column": 48 } },
			"7": { "start": { "line": 8, "column": 0 }, "end": { "line": 8, "column": 44 } },
			"8": { "start": { "line": 9, "column": 0 }, "end": { "line": 9, "column": 50 } },
			"9": { "start": { "line": 10, "column": 0 }, "end": { "line": 10, "column": 54 } },
			"10": { "start": { "line": 11, "column": 0 }, "end": { "line": 11, "column": 0 } },
			"11": { "start": { "line": 12, "column": 0 }, "end": { "line": 12, "column": 60 } },
			"12": { "start": { "line": 13, "column": 0 }, "end": { "line": 13, "column": 0 } },
			"13": { "start": { "line": 14, "column": 0 }, "end": { "line": 14, "column": 29 } },
			"14": { "start": { "line": 15, "column": 0 }, "end": { "line": 15, "column": 44 } },
			"15": { "start": { "line": 16, "column": 0 }, "end": { "line": 16, "column": 22 } },
			"16": { "start": { "line": 17, "column": 0 }, "end": { "line": 17, "column": 28 } },
			"17": { "start": { "line": 18, "column": 0 }, "end": { "line": 18, "column": 0 } },
			"18": { "start": { "line": 19, "column": 0 }, "end": { "line": 19, "column": 29 } },
			"19": { "start": { "line": 20, "column": 0 }, "end": { "line": 20, "column": 19 } },
			"20": { "start": { "line": 21, "column": 0 }, "end": { "line": 21, "column": 53 } },
			"21": { "start": { "line": 22, "column": 0 }, "end": { "line": 22, "column": 24 } },
			"22": { "start": { "line": 23, "column": 0 }, "end": { "line": 23, "column": 5 } },
			"23": { "start": { "line": 24, "column": 0 }, "end": { "line": 24, "column": 2 } },
			"24": { "start": { "line": 25, "column": 0 }, "end": { "line": 25, "column": 0 } },
			"25": { "start": { "line": 26, "column": 0 }, "end": { "line": 26, "column": 34 } },
			"26": { "start": { "line": 27, "column": 0 }, "end": { "line": 27, "column": 24 } },
			"27": { "start": { "line": 28, "column": 0 }, "end": { "line": 28, "column": 53 } },
			"28": { "start": { "line": 29, "column": 0 }, "end": { "line": 29, "column": 24 } },
			"29": { "start": { "line": 30, "column": 0 }, "end": { "line": 30, "column": 5 } },
			"30": { "start": { "line": 31, "column": 0 }, "end": { "line": 31, "column": 2 } },
			"31": { "start": { "line": 32, "column": 0 }, "end": { "line": 32, "column": 0 } },
			"32": { "start": { "line": 33, "column": 0 }, "end": { "line": 33, "column": 29 } },
			"33": { "start": { "line": 34, "column": 0 }, "end": { "line": 34, "column": 22 } },
			"34": { "start": { "line": 35, "column": 0 }, "end": { "line": 35, "column": 21 } },
			"35": { "start": { "line": 36, "column": 0 }, "end": { "line": 36, "column": 24 } },
			"36": { "start": { "line": 37, "column": 0 }, "end": { "line": 37, "column": 5 } },
			"37": { "start": { "line": 38, "column": 0 }, "end": { "line": 38, "column": 2 } },
			"38": { "start": { "line": 39, "column": 0 }, "end": { "line": 39, "column": 0 } },
			"39": { "start": { "line": 40, "column": 0 }, "end": { "line": 40, "column": 37 } },
			"40": { "start": { "line": 41, "column": 0 }, "end": { "line": 41, "column": 51 } },
			"41": { "start": { "line": 42, "column": 0 }, "end": { "line": 42, "column": 37 } },
			"42": { "start": { "line": 43, "column": 0 }, "end": { "line": 43, "column": 0 } },
			"43": { "start": { "line": 44, "column": 0 }, "end": { "line": 44, "column": 70 } },
			"44": { "start": { "line": 45, "column": 0 }, "end": { "line": 45, "column": 0 } },
			"45": { "start": { "line": 46, "column": 0 }, "end": { "line": 46, "column": 21 } },
			"46": { "start": { "line": 47, "column": 0 }, "end": { "line": 47, "column": 25 } },
			"47": { "start": { "line": 48, "column": 0 }, "end": { "line": 48, "column": 14 } },
			"48": { "start": { "line": 49, "column": 0 }, "end": { "line": 49, "column": 5 } },
			"49": { "start": { "line": 50, "column": 0 }, "end": { "line": 50, "column": 2 } },
			"50": { "start": { "line": 51, "column": 0 }, "end": { "line": 51, "column": 0 } },
			"51": { "start": { "line": 52, "column": 0 }, "end": { "line": 52, "column": 25 } },
			"52": { "start": { "line": 53, "column": 0 }, "end": { "line": 53, "column": 17 } },
			"53": { "start": { "line": 54, "column": 0 }, "end": { "line": 54, "column": 2 } },
			"54": { "start": { "line": 55, "column": 0 }, "end": { "line": 55, "column": 0 } },
			"55": { "start": { "line": 56, "column": 0 }, "end": { "line": 56, "column": 24 } },
			"56": { "start": { "line": 57, "column": 0 }, "end": { "line": 57, "column": 18 } },
			"57": { "start": { "line": 58, "column": 0 }, "end": { "line": 58, "column": 20 } },
			"58": { "start": { "line": 59, "column": 0 }, "end": { "line": 59, "column": 24 } },
			"59": { "start": { "line": 60, "column": 0 }, "end": { "line": 60, "column": 5 } },
			"60": { "start": { "line": 61, "column": 0 }, "end": { "line": 61, "column": 2 } },
			"61": { "start": { "line": 62, "column": 0 }, "end": { "line": 62, "column": 9 } },
			"62": { "start": { "line": 63, "column": 0 }, "end": { "line": 63, "column": 0 } },
			"63": { "start": { "line": 64, "column": 0 }, "end": { "line": 64, "column": 22 } },
			"64": { "start": { "line": 65, "column": 0 }, "end": { "line": 65, "column": 8 } },
			"65": { "start": { "line": 66, "column": 0 }, "end": { "line": 66, "column": 106 } },
			"66": { "start": { "line": 67, "column": 0 }, "end": { "line": 67, "column": 28 } },
			"67": { "start": { "line": 68, "column": 0 }, "end": { "line": 68, "column": 2 } },
			"68": { "start": { "line": 69, "column": 0 }, "end": { "line": 69, "column": 82 } },
			"69": { "start": { "line": 70, "column": 0 }, "end": { "line": 70, "column": 35 } },
			"70": { "start": { "line": 71, "column": 0 }, "end": { "line": 71, "column": 8 } },
			"71": { "start": { "line": 72, "column": 0 }, "end": { "line": 72, "column": 61 } },
			"72": { "start": { "line": 73, "column": 0 }, "end": { "line": 73, "column": 59 } },
			"73": { "start": { "line": 74, "column": 0 }, "end": { "line": 74, "column": 47 } },
			"74": { "start": { "line": 75, "column": 0 }, "end": { "line": 75, "column": 57 } },
			"75": { "start": { "line": 76, "column": 0 }, "end": { "line": 76, "column": 8 } },
			"76": { "start": { "line": 77, "column": 0 }, "end": { "line": 77, "column": 30 } },
			"77": { "start": { "line": 78, "column": 0 }, "end": { "line": 78, "column": 76 } },
			"78": { "start": { "line": 79, "column": 0 }, "end": { "line": 79, "column": 20 } },
			"79": { "start": { "line": 80, "column": 0 }, "end": { "line": 80, "column": 42 } },
			"80": { "start": { "line": 81, "column": 0 }, "end": { "line": 81, "column": 27 } },
			"81": { "start": { "line": 82, "column": 0 }, "end": { "line": 82, "column": 25 } },
			"82": { "start": { "line": 83, "column": 0 }, "end": { "line": 83, "column": 27 } },
			"83": { "start": { "line": 84, "column": 0 }, "end": { "line": 84, "column": 6 } },
			"84": { "start": { "line": 85, "column": 0 }, "end": { "line": 85, "column": 66 } },
			"85": { "start": { "line": 86, "column": 0 }, "end": { "line": 86, "column": 12 } },
			"86": { "start": { "line": 87, "column": 0 }, "end": { "line": 87, "column": 19 } },
			"87": { "start": { "line": 88, "column": 0 }, "end": { "line": 88, "column": 39 } },
			"88": { "start": { "line": 89, "column": 0 }, "end": { "line": 89, "column": 48 } },
			"89": { "start": { "line": 90, "column": 0 }, "end": { "line": 90, "column": 6 } },
			"90": { "start": { "line": 91, "column": 0 }, "end": { "line": 91, "column": 14 } },
			"91": { "start": { "line": 92, "column": 0 }, "end": { "line": 92, "column": 14 } },
			"92": { "start": { "line": 93, "column": 0 }, "end": { "line": 93, "column": 12 } },
			"93": { "start": { "line": 94, "column": 0 }, "end": { "line": 94, "column": 19 } },
			"94": { "start": { "line": 95, "column": 0 }, "end": { "line": 95, "column": 39 } },
			"95": { "start": { "line": 96, "column": 0 }, "end": { "line": 96, "column": 53 } },
			"96": { "start": { "line": 97, "column": 0 }, "end": { "line": 97, "column": 6 } },
			"97": { "start": { "line": 98, "column": 0 }, "end": { "line": 98, "column": 15 } },
			"98": { "start": { "line": 99, "column": 0 }, "end": { "line": 99, "column": 14 } },
			"99": { "start": { "line": 100, "column": 0 }, "end": { "line": 100, "column": 10 } },
			"100": { "start": { "line": 101, "column": 0 }, "end": { "line": 101, "column": 12 } },
			"101": { "start": { "line": 102, "column": 0 }, "end": { "line": 102, "column": 7 } },
			"102": { "start": { "line": 103, "column": 0 }, "end": { "line": 103, "column": 10 } },
			"103": { "start": { "line": 104, "column": 0 }, "end": { "line": 104, "column": 32 } },
			"104": { "start": { "line": 105, "column": 0 }, "end": { "line": 105, "column": 51 } },
			"105": { "start": { "line": 106, "column": 0 }, "end": { "line": 106, "column": 14 } },
			"106": { "start": { "line": 107, "column": 0 }, "end": { "line": 107, "column": 6 } },
			"107": { "start": { "line": 108, "column": 0 }, "end": { "line": 108, "column": 6 } },
			"108": { "start": { "line": 109, "column": 0 }, "end": { "line": 109, "column": 6 } }
		},
		"s": {
			"0": 1,
			"1": 1,
			"2": 1,
			"3": 1,
			"4": 1,
			"5": 1,
			"6": 1,
			"7": 1,
			"8": 1,
			"9": 1,
			"10": 1,
			"11": 1,
			"12": 1,
			"13": 1,
			"14": 1,
			"15": 1,
			"16": 1,
			"17": 1,
			"18": 1,
			"19": 1,
			"20": 1,
			"21": 1,
			"22": 1,
			"23": 1,
			"24": 1,
			"25": 1,
			"26": 1,
			"27": 1,
			"28": 1,
			"29": 1,
			"30": 1,
			"31": 1,
			"32": 1,
			"33": 1,
			"34": 1,
			"35": 1,
			"36": 1,
			"37": 1,
			"38": 1,
			"39": 1,
			"40": 1,
			"41": 1,
			"42": 1,
			"43": 1,
			"44": 1,
			"45": 1,
			"46": 1,
			"47": 1,
			"48": 1,
			"49": 1,
			"50": 1,
			"51": 1,
			"52": 1,
			"53": 1,
			"54": 1,
			"55": 1,
			"56": 1,
			"57": 1,
			"58": 1,
			"59": 1,
			"60": 1,
			"61": 1,
			"62": 1,
			"63": 1,
			"64": 1,
			"65": 1,
			"66": 1,
			"67": 1,
			"68": 1,
			"69": 1,
			"70": 1,
			"71": 1,
			"72": 1,
			"73": 1,
			"74": 1,
			"75": 1,
			"76": 1,
			"77": 1,
			"78": 1,
			"79": 1,
			"80": 1,
			"81": 1,
			"82": 1,
			"83": 1,
			"84": 1,
			"85": 1,
			"86": 1,
			"87": 1,
			"88": 1,
			"89": 1,
			"90": 1,
			"91": 1,
			"92": 1,
			"93": 1,
			"94": 1,
			"95": 1,
			"96": 1,
			"97": 1,
			"98": 1,
			"99": 1,
			"100": 1,
			"101": 1,
			"102": 1,
			"103": 1,
			"104": 1,
			"105": 1,
			"106": 1,
			"107": 1,
			"108": 1
		},
		"branchMap": {},
		"b": {},
		"fnMap": {},
		"f": {}
	},
	"/Users/ahmadalfasakan/Documents/svelte/cashier-app/src/lib/client/components/molecules/ListTileTransaction/ListTileTransaction.svelte": {
		"path": "/Users/ahmadalfasakan/Documents/svelte/cashier-app/src/lib/client/components/molecules/ListTileTransaction/ListTileTransaction.svelte",
		"all": false,
		"statementMap": {
			"0": { "start": { "line": 1, "column": 0 }, "end": { "line": 1, "column": 18 } },
			"1": { "start": { "line": 2, "column": 0 }, "end": { "line": 2, "column": 60 } },
			"2": { "start": { "line": 3, "column": 0 }, "end": { "line": 3, "column": 70 } },
			"3": { "start": { "line": 4, "column": 0 }, "end": { "line": 4, "column": 65 } },
			"4": { "start": { "line": 5, "column": 0 }, "end": { "line": 5, "column": 34 } },
			"5": { "start": { "line": 6, "column": 0 }, "end": { "line": 6, "column": 0 } },
			"6": { "start": { "line": 7, "column": 0 }, "end": { "line": 7, "column": 34 } },
			"7": { "start": { "line": 8, "column": 0 }, "end": { "line": 8, "column": 37 } },
			"8": { "start": { "line": 9, "column": 0 }, "end": { "line": 9, "column": 0 } },
			"9": { "start": { "line": 10, "column": 0 }, "end": { "line": 10, "column": 22 } },
			"10": { "start": { "line": 11, "column": 0 }, "end": { "line": 11, "column": 21 } },
			"11": { "start": { "line": 12, "column": 0 }, "end": { "line": 12, "column": 21 } },
			"12": { "start": { "line": 13, "column": 0 }, "end": { "line": 13, "column": 0 } },
			"13": { "start": { "line": 14, "column": 0 }, "end": { "line": 14, "column": 16 } },
			"14": { "start": { "line": 15, "column": 0 }, "end": { "line": 15, "column": 17 } },
			"15": { "start": { "line": 16, "column": 0 }, "end": { "line": 16, "column": 19 } },
			"16": { "start": { "line": 17, "column": 0 }, "end": { "line": 17, "column": 17 } },
			"17": { "start": { "line": 18, "column": 0 }, "end": { "line": 18, "column": 0 } },
			"18": { "start": { "line": 19, "column": 0 }, "end": { "line": 19, "column": 50 } },
			"19": { "start": { "line": 20, "column": 0 }, "end": { "line": 20, "column": 28 } },
			"20": { "start": { "line": 21, "column": 0 }, "end": { "line": 21, "column": 17 } },
			"21": { "start": { "line": 22, "column": 0 }, "end": { "line": 22, "column": 46 } },
			"22": { "start": { "line": 23, "column": 0 }, "end": { "line": 23, "column": 5 } },
			"23": { "start": { "line": 24, "column": 0 }, "end": { "line": 24, "column": 0 } },
			"24": { "start": { "line": 25, "column": 0 }, "end": { "line": 25, "column": 23 } },
			"25": { "start": { "line": 26, "column": 0 }, "end": { "line": 26, "column": 26 } },
			"26": { "start": { "line": 27, "column": 0 }, "end": { "line": 27, "column": 44 } },
			"27": { "start": { "line": 28, "column": 0 }, "end": { "line": 28, "column": 4 } },
			"28": { "start": { "line": 29, "column": 0 }, "end": { "line": 29, "column": 9 } },
			"29": { "start": { "line": 30, "column": 0 }, "end": { "line": 30, "column": 0 } },
			"30": { "start": { "line": 31, "column": 0 }, "end": { "line": 31, "column": 2 } },
			"31": { "start": { "line": 32, "column": 0 }, "end": { "line": 32, "column": 7 } },
			"32": { "start": { "line": 33, "column": 0 }, "end": { "line": 33, "column": 104 } },
			"33": { "start": { "line": 34, "column": 0 }, "end": { "line": 34, "column": 1 } },
			"34": { "start": { "line": 35, "column": 0 }, "end": { "line": 35, "column": 63 } },
			"35": { "start": { "line": 36, "column": 0 }, "end": { "line": 36, "column": 71 } },
			"36": { "start": { "line": 37, "column": 0 }, "end": { "line": 37, "column": 44 } },
			"37": { "start": { "line": 38, "column": 0 }, "end": { "line": 38, "column": 7 } },
			"38": { "start": { "line": 39, "column": 0 }, "end": { "line": 39, "column": 61 } },
			"39": { "start": { "line": 40, "column": 0 }, "end": { "line": 40, "column": 21 } },
			"40": { "start": { "line": 41, "column": 0 }, "end": { "line": 41, "column": 40 } },
			"41": { "start": { "line": 42, "column": 0 }, "end": { "line": 42, "column": 6 } },
			"42": { "start": { "line": 43, "column": 0 }, "end": { "line": 43, "column": 39 } },
			"43": { "start": { "line": 44, "column": 0 }, "end": { "line": 44, "column": 7 } },
			"44": { "start": { "line": 45, "column": 0 }, "end": { "line": 45, "column": 4 } }
		},
		"s": {
			"0": 1,
			"1": 1,
			"2": 1,
			"3": 1,
			"4": 1,
			"5": 1,
			"6": 1,
			"7": 1,
			"8": 1,
			"9": 1,
			"10": 1,
			"11": 1,
			"12": 1,
			"13": 1,
			"14": 1,
			"15": 1,
			"16": 1,
			"17": 1,
			"18": 1,
			"19": 1,
			"20": 1,
			"21": 1,
			"22": 1,
			"23": 1,
			"24": 1,
			"25": 1,
			"26": 1,
			"27": 1,
			"28": 1,
			"29": 1,
			"30": 1,
			"31": 1,
			"32": 1,
			"33": 1,
			"34": 1,
			"35": 1,
			"36": 1,
			"37": 1,
			"38": 1,
			"39": 1,
			"40": 1,
			"41": 1,
			"42": 1,
			"43": 1,
			"44": 1
		},
		"branchMap": {},
		"b": {},
		"fnMap": {},
		"f": {}
	},
	"/Users/ahmadalfasakan/Documents/svelte/cashier-app/src/lib/client/components/organisms/BottomNavigation/BottomNavigation.organism.svelte": {
		"path": "/Users/ahmadalfasakan/Documents/svelte/cashier-app/src/lib/client/components/organisms/BottomNavigation/BottomNavigation.organism.svelte",
		"all": false,
		"statementMap": {
			"0": { "start": { "line": 1, "column": 0 }, "end": { "line": 1, "column": 18 } },
			"1": { "start": { "line": 2, "column": 0 }, "end": { "line": 2, "column": 58 } },
			"2": { "start": { "line": 3, "column": 0 }, "end": { "line": 3, "column": 46 } },
			"3": { "start": { "line": 4, "column": 0 }, "end": { "line": 4, "column": 44 } },
			"4": { "start": { "line": 5, "column": 0 }, "end": { "line": 5, "column": 48 } },
			"5": { "start": { "line": 6, "column": 0 }, "end": { "line": 6, "column": 0 } },
			"6": { "start": { "line": 7, "column": 0 }, "end": { "line": 7, "column": 30 } },
			"7": { "start": { "line": 8, "column": 0 }, "end": { "line": 8, "column": 9 } },
			"8": { "start": { "line": 9, "column": 0 }, "end": { "line": 9, "column": 0 } },
			"9": { "start": { "line": 10, "column": 0 }, "end": { "line": 10, "column": 33 } },
			"10": { "start": { "line": 11, "column": 0 }, "end": { "line": 11, "column": 3 } },
			"11": { "start": { "line": 12, "column": 0 }, "end": { "line": 12, "column": 15 } },
			"12": { "start": { "line": 13, "column": 0 }, "end": { "line": 13, "column": 82 } },
			"13": { "start": { "line": 14, "column": 0 }, "end": { "line": 14, "column": 10 } },
			"14": { "start": { "line": 15, "column": 0 }, "end": { "line": 15, "column": 2 } },
			"15": { "start": { "line": 16, "column": 0 }, "end": { "line": 16, "column": 10 } },
			"16": { "start": { "line": 17, "column": 0 }, "end": { "line": 17, "column": 5 } },
			"17": { "start": { "line": 18, "column": 0 }, "end": { "line": 18, "column": 3 } },
			"18": { "start": { "line": 19, "column": 0 }, "end": { "line": 19, "column": 15 } },
			"19": { "start": { "line": 20, "column": 0 }, "end": { "line": 20, "column": 87 } },
			"20": { "start": { "line": 21, "column": 0 }, "end": { "line": 21, "column": 15 } },
			"21": { "start": { "line": 22, "column": 0 }, "end": { "line": 22, "column": 2 } },
			"22": { "start": { "line": 23, "column": 0 }, "end": { "line": 23, "column": 17 } },
			"23": { "start": { "line": 24, "column": 0 }, "end": { "line": 24, "column": 5 } },
			"24": { "start": { "line": 25, "column": 0 }, "end": { "line": 25, "column": 3 } },
			"25": { "start": { "line": 26, "column": 0 }, "end": { "line": 26, "column": 15 } },
			"26": { "start": { "line": 27, "column": 0 }, "end": { "line": 27, "column": 47 } },
			"27": { "start": { "line": 28, "column": 0 }, "end": { "line": 28, "column": 50 } },
			"28": { "start": { "line": 29, "column": 0 }, "end": { "line": 29, "column": 8 } },
			"29": { "start": { "line": 30, "column": 0 }, "end": { "line": 30, "column": 29 } },
			"30": { "start": { "line": 31, "column": 0 }, "end": { "line": 31, "column": 2 } },
			"31": { "start": { "line": 32, "column": 0 }, "end": { "line": 32, "column": 11 } },
			"32": { "start": { "line": 33, "column": 0 }, "end": { "line": 33, "column": 5 } },
			"33": { "start": { "line": 34, "column": 0 }, "end": { "line": 34, "column": 9 } },
			"34": { "start": { "line": 35, "column": 0 }, "end": { "line": 35, "column": 12 } },
			"35": { "start": { "line": 36, "column": 0 }, "end": { "line": 36, "column": 10 } },
			"36": { "start": { "line": 37, "column": 0 }, "end": { "line": 37, "column": 6 } }
		},
		"s": {
			"0": 1,
			"1": 1,
			"2": 1,
			"3": 1,
			"4": 1,
			"5": 1,
			"6": 1,
			"7": 1,
			"8": 1,
			"9": 1,
			"10": 1,
			"11": 1,
			"12": 1,
			"13": 1,
			"14": 1,
			"15": 1,
			"16": 1,
			"17": 1,
			"18": 1,
			"19": 1,
			"20": 1,
			"21": 1,
			"22": 1,
			"23": 1,
			"24": 1,
			"25": 1,
			"26": 1,
			"27": 1,
			"28": 1,
			"29": 1,
			"30": 1,
			"31": 1,
			"32": 1,
			"33": 1,
			"34": 1,
			"35": 1,
			"36": 1
		},
		"branchMap": {},
		"b": {},
		"fnMap": {},
		"f": {}
	},
	"/Users/ahmadalfasakan/Documents/svelte/cashier-app/src/lib/client/components/organisms/ChartArea/ChartArea.organism.svelte": {
		"path": "/Users/ahmadalfasakan/Documents/svelte/cashier-app/src/lib/client/components/organisms/ChartArea/ChartArea.organism.svelte",
		"all": false,
		"statementMap": {
			"0": { "start": { "line": 1, "column": 0 }, "end": { "line": 1, "column": 18 } },
			"1": { "start": { "line": 2, "column": 0 }, "end": { "line": 2, "column": 54 } },
			"2": { "start": { "line": 3, "column": 0 }, "end": { "line": 3, "column": 63 } },
			"3": { "start": { "line": 4, "column": 0 }, "end": { "line": 4, "column": 63 } },
			"4": { "start": { "line": 5, "column": 0 }, "end": { "line": 5, "column": 40 } },
			"5": { "start": { "line": 6, "column": 0 }, "end": { "line": 6, "column": 0 } },
			"6": { "start": { "line": 7, "column": 0 }, "end": { "line": 7, "column": 30 } },
			"7": { "start": { "line": 8, "column": 0 }, "end": { "line": 8, "column": 0 } },
			"8": { "start": { "line": 9, "column": 0 }, "end": { "line": 9, "column": 48 } },
			"9": { "start": { "line": 10, "column": 0 }, "end": { "line": 10, "column": 62 } },
			"10": { "start": { "line": 11, "column": 0 }, "end": { "line": 11, "column": 0 } },
			"11": { "start": { "line": 12, "column": 0 }, "end": { "line": 12, "column": 17 } },
			"12": { "start": { "line": 13, "column": 0 }, "end": { "line": 13, "column": 18 } },
			"13": { "start": { "line": 14, "column": 0 }, "end": { "line": 14, "column": 0 } },
			"14": { "start": { "line": 15, "column": 0 }, "end": { "line": 15, "column": 21 } },
			"15": { "start": { "line": 16, "column": 0 }, "end": { "line": 16, "column": 35 } },
			"16": { "start": { "line": 17, "column": 0 }, "end": { "line": 17, "column": 0 } },
			"17": { "start": { "line": 18, "column": 0 }, "end": { "line": 18, "column": 26 } },
			"18": { "start": { "line": 19, "column": 0 }, "end": { "line": 19, "column": 23 } },
			"19": { "start": { "line": 20, "column": 0 }, "end": { "line": 20, "column": 48 } },
			"20": { "start": { "line": 21, "column": 0 }, "end": { "line": 21, "column": 26 } },
			"21": { "start": { "line": 22, "column": 0 }, "end": { "line": 22, "column": 71 } },
			"22": { "start": { "line": 23, "column": 0 }, "end": { "line": 23, "column": 49 } },
			"23": { "start": { "line": 24, "column": 0 }, "end": { "line": 24, "column": 0 } },
			"24": { "start": { "line": 25, "column": 0 }, "end": { "line": 25, "column": 76 } },
			"25": { "start": { "line": 26, "column": 0 }, "end": { "line": 26, "column": 80 } },
			"26": { "start": { "line": 27, "column": 0 }, "end": { "line": 27, "column": 9 } },
			"27": { "start": { "line": 28, "column": 0 }, "end": { "line": 28, "column": 0 } },
			"28": { "start": { "line": 29, "column": 0 }, "end": { "line": 29, "column": 53 } },
[...]
			"60": { "start": { "line": 61, "column": 0 }, "end": { "line": 61, "column": 46 } },
			"61": { "start": { "line": 62, "column": 0 }, "end": { "line": 62, "column": 50 } },
			"62": { "start": { "line": 63, "column": 0 }, "end": { "line": 63, "column": 42 } },
			"63": { "start": { "line": 64, "column": 0 }, "end": { "line": 64, "column": 0 } },
			"64": { "start": { "line": 65, "column": 0 }, "end": { "line": 65, "column": 41 } },
			"65": { "start": { "line": 66, "column": 0 }, "end": { "line": 66, "column": 58 } },
			"66": { "start": { "line": 67, "column": 0 }, "end": { "line": 67, "column": 5 } },
			"67": { "start": { "line": 68, "column": 0 }, "end": { "line": 68, "column": 31 } },
			"68": { "start": { "line": 69, "column": 0 }, "end": { "line": 69, "column": 2 } },
			"69": { "start": { "line": 70, "column": 0 }, "end": { "line": 70, "column": 0 } },
			"70": { "start": { "line": 71, "column": 0 }, "end": { "line": 71, "column": 52 } },
			"71": { "start": { "line": 72, "column": 0 }, "end": { "line": 72, "column": 89 } },
			"72": { "start": { "line": 73, "column": 0 }, "end": { "line": 73, "column": 22 } },
			"73": { "start": { "line": 74, "column": 0 }, "end": { "line": 74, "column": 59 } },
			"74": { "start": { "line": 75, "column": 0 }, "end": { "line": 75, "column": 3 } },
			"75": { "start": { "line": 76, "column": 0 }, "end": { "line": 76, "column": 0 } },
			"76": { "start": { "line": 77, "column": 0 }, "end": { "line": 77, "column": 68 } },
			"77": { "start": { "line": 78, "column": 0 }, "end": { "line": 78, "column": 86 } },
			"78": { "start": { "line": 79, "column": 0 }, "end": { "line": 79, "column": 0 } },
			"79": { "start": { "line": 80, "column": 0 }, "end": { "line": 80, "column": 31 } },
			"80": { "start": { "line": 81, "column": 0 }, "end": { "line": 81, "column": 2 } },
			"81": { "start": { "line": 82, "column": 0 }, "end": { "line": 82, "column": 1 } }
		},
		"s": {
			"0": 1,
			"1": 1,
			"2": 1,
			"3": 1,
			"4": 1,
			"5": 1,
			"6": 1,
			"7": 1,
			"8": 1,
			"9": 1,
			"10": 1,
			"11": 1,
			"12": 1,
			"13": 1,
			"14": 1,
			"15": 1,
			"16": 1,
			"17": 1,
			"18": 1,
			"19": 3,
			"20": 3,
			"21": 3,
			"22": 2,
			"23": 2,
			"24": 2,
			"25": 2,
			"26": 2,
			"27": 2,
			"28": 2,
			"29": 2,
			"30": 2,
			"31": 2,
			"32": 2,
			"33": 2,
			"34": 2,
			"35": 2,
			"36": 2,
			"37": 2,
			"38": 2,
			"39": 2,
			"40": 3,
			"41": 1,
			"42": 1,
			"43": 2,
			"44": 2,
			"45": 1,
			"46": 1,
			"47": 1,
			"48": 1,
			"49": 1,
			"50": 1,
			"51": 1,
			"52": 1,
			"53": 1,
			"54": 1,
			"55": 1,
			"56": 1,
			"57": 1,
			"58": 2,
			"59": 1,
			"60": 1,
			"61": 2,
			"62": 2,
			"63": 1,
			"64": 1,
			"65": 1,
			"66": 1,
			"67": 1,
			"68": 2,
			"69": 1,
			"70": 1,
			"71": 6,
			"72": 6,
			"73": 3,
			"74": 3,
			"75": 3,
			"76": 3,
			"77": 6,
			"78": 2,
			"79": 2,
			"80": 6,
			"81": 1
		},
		"branchMap": {
			"0": {
				"type": "branch",
				"line": 13,
				"loc": { "start": { "line": 13, "column": 1 }, "end": { "line": 17, "column": 2 } },
				"locations": [{ "start": { "line": 13, "column": 1 }, "end": { "line": 17, "column": 2 } }]
			},
			"1": {
				"type": "branch",
				"line": 19,
				"loc": { "start": { "line": 19, "column": 1 }, "end": { "line": 41, "column": 2 } },
				"locations": [{ "start": { "line": 19, "column": 1 }, "end": { "line": 41, "column": 2 } }]
			},
			"2": {
				"type": "branch",
				"line": 22,
				"loc": { "start": { "line": 22, "column": 18 }, "end": { "line": 22, "column": 77 } },
				"locations": [
					{ "start": { "line": 22, "column": 18 }, "end": { "line": 22, "column": 77 } }
				]
			},
			"3": {
				"type": "branch",
				"line": 22,
				"loc": { "start": { "line": 22, "column": 75 }, "end": { "line": 40, "column": 4 } },
				"locations": [{ "start": { "line": 22, "column": 75 }, "end": { "line": 40, "column": 4 } }]
			},
			"4": {
				"type": "branch",
				"line": 43,
				"loc": { "start": { "line": 43, "column": 1 }, "end": { "line": 59, "column": 2 } },
				"locations": [{ "start": { "line": 43, "column": 1 }, "end": { "line": 59, "column": 2 } }]
			},
			"5": {
				"type": "branch",
				"line": 45,
				"loc": { "start": { "line": 45, "column": 28 }, "end": { "line": 58, "column": 61 } },
				"locations": [
					{ "start": { "line": 45, "column": 28 }, "end": { "line": 58, "column": 61 } }
				]
			},
			"6": {
				"type": "branch",
				"line": 61,
				"loc": { "start": { "line": 61, "column": 1 }, "end": { "line": 69, "column": 2 } },
				"locations": [{ "start": { "line": 61, "column": 1 }, "end": { "line": 69, "column": 2 } }]
			},
			"7": {
				"type": "branch",
				"line": 63,
				"loc": { "start": { "line": 63, "column": 28 }, "end": { "line": 68, "column": 31 } },
				"locations": [
					{ "start": { "line": 63, "column": 28 }, "end": { "line": 68, "column": 31 } }
				]
			},
			"8": {
				"type": "branch",
				"line": 71,
				"loc": { "start": { "line": 71, "column": 1 }, "end": { "line": 81, "column": 2 } },
				"locations": [{ "start": { "line": 71, "column": 1 }, "end": { "line": 81, "column": 2 } }]
			},
			"9": {
				"type": "branch",
				"line": 73,
				"loc": { "start": { "line": 73, "column": 21 }, "end": { "line": 78, "column": 31 } },
				"locations": [
					{ "start": { "line": 73, "column": 21 }, "end": { "line": 78, "column": 31 } }
				]
			},
			"10": {
				"type": "branch",
				"line": 78,
				"loc": { "start": { "line": 78, "column": 24 }, "end": { "line": 78, "column": 86 } },
				"locations": [
					{ "start": { "line": 78, "column": 24 }, "end": { "line": 78, "column": 86 } }
				]
			},
			"11": {
				"type": "branch",
				"line": 78,
				"loc": { "start": { "line": 78, "column": 84 }, "end": { "line": 80, "column": 31 } },
				"locations": [
					{ "start": { "line": 78, "column": 84 }, "end": { "line": 80, "column": 31 } }
				]
			},
			"12": {
				"type": "branch",
				"line": 82,
				"loc": { "start": { "line": 82, "column": 0 }, "end": { "line": 82, "column": 1 } },
				"locations": [{ "start": { "line": 82, "column": 0 }, "end": { "line": 82, "column": 1 } }]
			}
		},
		"b": {
			"0": [1],
			"1": [3],
			"2": [1],
			"3": [2],
			"4": [2],
			"5": [1],
			"6": [2],
			"7": [1],
			"8": [6],
			"9": [3],
			"10": [1],
			"11": [2],
			"12": [1]
		},
		"fnMap": {
			"0": {
				"name": "createAdmin",
				"decl": { "start": { "line": 13, "column": 1 }, "end": { "line": 17, "column": 2 } },
				"loc": { "start": { "line": 13, "column": 1 }, "end": { "line": 17, "column": 2 } },
				"line": 13
			},
			"1": {
				"name": "createUser",
				"decl": { "start": { "line": 19, "column": 1 }, "end": { "line": 41, "column": 2 } },
				"loc": { "start": { "line": 19, "column": 1 }, "end": { "line": 41, "column": 2 } },
				"line": 19
			},
			"2": {
				"name": "updateUser",
				"decl": { "start": { "line": 43, "column": 1 }, "end": { "line": 59, "column": 2 } },
				"loc": { "start": { "line": 43, "column": 1 }, "end": { "line": 59, "column": 2 } },
				"line": 43
			},
			"3": {
				"name": "deleteUser",
				"decl": { "start": { "line": 61, "column": 1 }, "end": { "line": 69, "column": 2 } },
				"loc": { "start": { "line": 61, "column": 1 }, "end": { "line": 69, "column": 2 } },
				"line": 61
			},
			"4": {
				"name": "validatePassword",
				"decl": { "start": { "line": 71, "column": 1 }, "end": { "line": 81, "column": 2 } },
				"loc": { "start": { "line": 71, "column": 1 }, "end": { "line": 81, "column": 2 } },
				"line": 71
			},
			"5": {
				"name": "get",
				"decl": { "start": { "line": 82, "column": 0 }, "end": { "line": 82, "column": 1 } },
				"loc": { "start": { "line": 82, "column": 0 }, "end": { "line": 82, "column": 1 } },
				"line": 82
			}
		},
		"f": { "0": 1, "1": 3, "2": 2, "3": 2, "4": 6, "5": 1 }
	},
	"/Users/ahmadalfasakan/Documents/svelte/cashier-app/src/lib/server/utils/hash.util.ts": {
		"path": "/Users/ahmadalfasakan/Documents/svelte/cashier-app/src/lib/server/utils/hash.util.ts",
		"all": false,
		"statementMap": {
			"0": { "start": { "line": 1, "column": 0 }, "end": { "line": 1, "column": 57 } },
			"1": { "start": { "line": 2, "column": 0 }, "end": { "line": 2, "column": 32 } },
			"2": { "start": { "line": 3, "column": 0 }, "end": { "line": 3, "column": 0 } },
			"3": { "start": { "line": 4, "column": 0 }, "end": { "line": 4, "column": 44 } },
			"4": { "start": { "line": 5, "column": 0 }, "end": { "line": 5, "column": 0 } },
			"5": { "start": { "line": 6, "column": 0 }, "end": { "line": 6, "column": 45 } },
			"6": { "start": { "line": 7, "column": 0 }, "end": { "line": 7, "column": 36 } },
			"7": { "start": { "line": 8, "column": 0 }, "end": { "line": 8, "column": 1 } },
			"8": { "start": { "line": 9, "column": 0 }, "end": { "line": 9, "column": 0 } },
			"9": { "start": { "line": 10, "column": 0 }, "end": { "line": 10, "column": 57 } },
			"10": { "start": { "line": 11, "column": 0 }, "end": { "line": 11, "column": 44 } },
			"11": { "start": { "line": 12, "column": 0 }, "end": { "line": 12, "column": 1 } }
		},
		"s": {
			"0": 1,
			"1": 1,
			"2": 1,
			"3": 1,
			"4": 1,
			"5": 1,
			"6": 1,
			"7": 1,
			"8": 1,
			"9": 1,
			"10": 1,
			"11": 1
		},
		"branchMap": {
			"0": {
				"type": "branch",
				"line": 6,
				"loc": { "start": { "line": 6, "column": 7 }, "end": { "line": 8, "column": 1 } },
				"locations": [{ "start": { "line": 6, "column": 7 }, "end": { "line": 8, "column": 1 } }]
			},
			"1": {
				"type": "branch",
				"line": 8,
				"loc": { "start": { "line": 8, "column": 0 }, "end": { "line": 8, "column": 1 } },
				"locations": [{ "start": { "line": 8, "column": 0 }, "end": { "line": 8, "column": 1 } }]
			},
			"2": {
				"type": "branch",
				"line": 10,
				"loc": { "start": { "line": 10, "column": 7 }, "end": { "line": 12, "column": 1 } },
				"locations": [{ "start": { "line": 10, "column": 7 }, "end": { "line": 12, "column": 1 } }]
			},
			"3": {
				"type": "branch",
				"line": 12,
				"loc": { "start": { "line": 12, "column": 0 }, "end": { "line": 12, "column": 1 } },
				"locations": [{ "start": { "line": 12, "column": 0 }, "end": { "line": 12, "column": 1 } }]
			}
		},
		"b": { "0": [1], "1": [1], "2": [1], "3": [1] },
		"fnMap": {
			"0": {
				"name": "generateHash",
				"decl": { "start": { "line": 6, "column": 7 }, "end": { "line": 8, "column": 1 } },
				"loc": { "start": { "line": 6, "column": 7 }, "end": { "line": 8, "column": 1 } },
				"line": 6
			},
			"1": {
				"name": "get",
				"decl": { "start": { "line": 8, "column": 0 }, "end": { "line": 8, "column": 1 } },
				"loc": { "start": { "line": 8, "column": 0 }, "end": { "line": 8, "column": 1 } },
				"line": 8
			},
			"2": {
				"name": "verifyHash",
				"decl": { "start": { "line": 10, "column": 7 }, "end": { "line": 12, "column": 1 } },
				"loc": { "start": { "line": 10, "column": 7 }, "end": { "line": 12, "column": 1 } },
				"line": 10
			},
			"3": {
				"name": "get",
				"decl": { "start": { "line": 12, "column": 0 }, "end": { "line": 12, "column": 1 } },
				"loc": { "start": { "line": 12, "column": 0 }, "end": { "line": 12, "column": 1 } },
				"line": 12
			}
		},
		"f": { "0": 1, "1": 1, "2": 1, "3": 1 }
	},
	"/Users/ahmadalfasakan/Documents/svelte/cashier-app/src/lib/server/utils/jwt-token.ts": {
		"path": "/Users/ahmadalfasakan/Documents/svelte/cashier-app/src/lib/server/utils/jwt-token.ts",
		"all": false,
		"statementMap": {
			"0": { "start": { "line": 1, "column": 0 }, "end": { "line": 1, "column": 69 } },
			"1": { "start": { "line": 2, "column": 0 }, "end": { "line": 2, "column": 57 } },
			"2": { "start": { "line": 3, "column": 0 }, "end": { "line": 3, "column": 52 } },
			"3": { "start": { "line": 4, "column": 0 }, "end": { "line": 4, "column": 0 } },
			"4": { "start": { "line": 5, "column": 0 }, "end": { "line": 5, "column": 23 } },
			"5": { "start": { "line": 6, "column": 0 }, "end": { "line": 6, "column": 16 } },
			"6": { "start": { "line": 7, "column": 0 }, "end": { "line": 7, "column": 15 } },
			"7": { "start": { "line": 8, "column": 0 }, "end": { "line": 8, "column": 19 } },
			"8": { "start": { "line": 9, "column": 0 }, "end": { "line": 9, "column": 2 } },
			"9": { "start": { "line": 10, "column": 0 }, "end": { "line": 10, "column": 0 } },
			"10": { "start": { "line": 11, "column": 0 }, "end": { "line": 11, "column": 72 } },
			"11": { "start": { "line": 12, "column": 0 }, "end": { "line": 12, "column": 39 } },
			"12": { "start": { "line": 13, "column": 0 }, "end": { "line": 13, "column": 11 } },
			"13": { "start": { "line": 14, "column": 0 }, "end": { "line": 14, "column": 4 } },
			"14": { "start": { "line": 15, "column": 0 }, "end": { "line": 15, "column": 1 } },
			"15": { "start": { "line": 16, "column": 0 }, "end": { "line": 16, "column": 0 } },
			"16": { "start": { "line": 17, "column": 0 }, "end": { "line": 17, "column": 49 } },
			"17": { "start": { "line": 18, "column": 0 }, "end": { "line": 18, "column": 50 } },
			"18": { "start": { "line": 19, "column": 0 }, "end": { "line": 19, "column": 52 } },
			"19": { "start": { "line": 20, "column": 0 }, "end": { "line": 20, "column": 0 } },
			"20": { "start": { "line": 21, "column": 0 }, "end": { "line": 21, "column": 38 } },
			"21": { "start": { "line": 22, "column": 0 }, "end": { "line": 22, "column": 1 } },
			"22": { "start": { "line": 23, "column": 0 }, "end": { "line": 23, "column": 0 } },
			"23": { "start": { "line": 24, "column": 0 }, "end": { "line": 24, "column": 48 } },
			"24": { "start": { "line": 25, "column": 0 }, "end": { "line": 25, "column": 31 } },
			"25": { "start": { "line": 26, "column": 0 }, "end": { "line": 26, "column": 1 } },
			"26": { "start": { "line": 27, "column": 0 }, "end": { "line": 27, "column": 0 } },
			"27": { "start": { "line": 28, "column": 0 }, "end": { "line": 28, "column": 49 } },
			"28": { "start": { "line": 29, "column": 0 }, "end": { "line": 29, "column": 36 } },
			"29": { "start": { "line": 30, "column": 0 }, "end": { "line": 30, "column": 1 } },
			"30": { "start": { "line": 31, "column": 0 }, "end": { "line": 31, "column": 0 } },
			"31": { "start": { "line": 32, "column": 0 }, "end": { "line": 32, "column": 44 } },
			"32": { "start": { "line": 33, "column": 0 }, "end": { "line": 33, "column": 6 } },
			"33": { "start": { "line": 34, "column": 0 }, "end": { "line": 34, "column": 69 } },
			"34": { "start": { "line": 35, "column": 0 }, "end": { "line": 35, "column": 0 } },
			"35": { "start": { "line": 36, "column": 0 }, "end": { "line": 36, "column": 31 } },
			"36": { "start": { "line": 37, "column": 0 }, "end": { "line": 37, "column": 18 } },
			"37": { "start": { "line": 38, "column": 0 }, "end": { "line": 38, "column": 63 } },
			"38": { "start": { "line": 39, "column": 0 }, "end": { "line": 39, "column": 2 } },
			"39": { "start": { "line": 40, "column": 0 }, "end": { "line": 40, "column": 1 } }
		},
		"s": {
			"0": 1,
			"1": 1,
			"2": 1,
			"3": 1,
			"4": 1,
			"5": 1,
			"6": 1,
			"7": 1,
			"8": 1,
			"9": 1,
			"10": 4,
			"11": 4,
			"12": 4,
			"13": 4,
			"14": 4,
			"15": 1,
			"16": 1,
			"17": 2,
			"18": 2,
			"19": 2,
			"20": 2,
			"21": 2,
			"22": 1,
			"23": 2,
			"24": 2,
			"25": 2,
			"26": 1,
			"27": 2,
			"28": 2,
			"29": 2,
			"30": 1,
			"31": 1,
			"32": 2,
			"33": 2,
			"34": 2,
			"35": 2,
			"36": 2,
			"37": 1,
			"38": 1,
			"39": 2
		},
		"branchMap": {
			"0": {
				"type": "branch",
				"line": 11,
				"loc": { "start": { "line": 11, "column": 0 }, "end": { "line": 15, "column": 1 } },
				"locations": [{ "start": { "line": 11, "column": 0 }, "end": { "line": 15, "column": 1 } }]
			},
			"1": {
				"type": "branch",
				"line": 17,
				"loc": { "start": { "line": 17, "column": 7 }, "end": { "line": 22, "column": 1 } },
				"locations": [{ "start": { "line": 17, "column": 7 }, "end": { "line": 22, "column": 1 } }]
			},
			"2": {
				"type": "branch",
				"line": 22,
				"loc": { "start": { "line": 22, "column": 0 }, "end": { "line": 22, "column": 1 } },
				"locations": [{ "start": { "line": 22, "column": 0 }, "end": { "line": 22, "column": 1 } }]
			},
			"3": {
				"type": "branch",
				"line": 24,
				"loc": { "start": { "line": 24, "column": 0 }, "end": { "line": 26, "column": 1 } },
				"locations": [{ "start": { "line": 24, "column": 0 }, "end": { "line": 26, "column": 1 } }]
			},
			"4": {
				"type": "branch",
				"line": 28,
				"loc": { "start": { "line": 28, "column": 0 }, "end": { "line": 30, "column": 1 } },
				"locations": [{ "start": { "line": 28, "column": 0 }, "end": { "line": 30, "column": 1 } }]
			},
			"5": {
				"type": "branch",
				"line": 32,
				"loc": { "start": { "line": 32, "column": 7 }, "end": { "line": 40, "column": 1 } },
				"locations": [{ "start": { "line": 32, "column": 7 }, "end": { "line": 40, "column": 1 } }]
			},
			"6": {
				"type": "branch",
				"line": 37,
				"loc": { "start": { "line": 37, "column": 1 }, "end": { "line": 39, "column": 2 } },
				"locations": [{ "start": { "line": 37, "column": 1 }, "end": { "line": 39, "column": 2 } }]
			},
			"7": {
				"type": "branch",
				"line": 40,
				"loc": { "start": { "line": 40, "column": 0 }, "end": { "line": 40, "column": 1 } },
				"locations": [{ "start": { "line": 40, "column": 0 }, "end": { "line": 40, "column": 1 } }]
			}
		},
		"b": { "0": [4], "1": [2], "2": [2], "3": [2], "4": [2], "5": [2], "6": [1], "7": [2] },
		"fnMap": {
			"0": {
				"name": "signJwt",
				"decl": { "start": { "line": 11, "column": 0 }, "end": { "line": 15, "column": 1 } },
				"loc": { "start": { "line": 11, "column": 0 }, "end": { "line": 15, "column": 1 } },
				"line": 11
			},
			"1": {
				"name": "generateToken",
				"decl": { "start": { "line": 17, "column": 7 }, "end": { "line": 22, "column": 1 } },
				"loc": { "start": { "line": 17, "column": 7 }, "end": { "line": 22, "column": 1 } },
				"line": 17
			},
			"2": {
				"name": "get",
				"decl": { "start": { "line": 22, "column": 0 }, "end": { "line": 22, "column": 1 } },
				"loc": { "start": { "line": 22, "column": 0 }, "end": { "line": 22, "column": 1 } },
				"line": 22
			},
			"3": {
				"name": "generateAccessToken",
				"decl": { "start": { "line": 24, "column": 0 }, "end": { "line": 26, "column": 1 } },
				"loc": { "start": { "line": 24, "column": 0 }, "end": { "line": 26, "column": 1 } },
				"line": 24
			},
			"4": {
				"name": "generateRefreshToken",
				"decl": { "start": { "line": 28, "column": 0 }, "end": { "line": 30, "column": 1 } },
				"loc": { "start": { "line": 28, "column": 0 }, "end": { "line": 30, "column": 1 } },
				"line": 28
			},
			"5": {
				"name": "verifyToken",
				"decl": { "start": { "line": 32, "column": 7 }, "end": { "line": 40, "column": 1 } },
				"loc": { "start": { "line": 32, "column": 7 }, "end": { "line": 40, "column": 1 } },
				"line": 32
			},
			"6": {
				"name": "get",
				"decl": { "start": { "line": 40, "column": 0 }, "end": { "line": 40, "column": 1 } },
				"loc": { "start": { "line": 40, "column": 0 }, "end": { "line": 40, "column": 1 } },
				"line": 40
			}
		},
		"f": { "0": 4, "1": 2, "2": 2, "3": 2, "4": 2, "5": 2, "6": 2 }
	},
	"/Users/ahmadalfasakan/Documents/svelte/cashier-app/src/lib/server/utils/prisma.ts": {
		"path": "/Users/ahmadalfasakan/Documents/svelte/cashier-app/src/lib/server/utils/prisma.ts",
		"all": false,
		"statementMap": {
			"0": { "start": { "line": 1, "column": 0 }, "end": { "line": 1, "column": 46 } },
			"1": { "start": { "line": 2, "column": 0 }, "end": { "line": 2, "column": 0 } },
			"2": { "start": { "line": 3, "column": 0 }, "end": { "line": 3, "column": 48 } },
			"3": { "start": { "line": 4, "column": 0 }, "end": { "line": 4, "column": 0 } },
			"4": { "start": { "line": 5, "column": 0 }, "end": { "line": 5, "column": 22 } }
		},
		"s": { "0": 1, "1": 1, "2": 1, "3": 1, "4": 1 },
		"branchMap": {},
		"b": {},
		"fnMap": {},
		"f": {}
	}
}
